app/services/meta_webhooks.py:32: error: "Settings" has no attribute "meta_app_secret"  [attr-defined]
app/services/settings_cache.py:66: error: Argument 1 to "loads" has incompatible type "Awaitable[Any] | Any"; expected "str | bytes | bytearray"  [arg-type]
app/services/settings_cache.py:154: error: Argument 2 to "zip" has incompatible type "Awaitable[Any] | Any"; expected "Iterable[Any]"  [arg-type]
app/services/session_store.py:58: error: Argument 1 to "loads" has incompatible type "Awaitable[Any] | Any"; expected "str | bytes | bytearray"  [arg-type]
app/services/oauth_state.py:27: error: Returning Any from function declared to return "Redis"  [no-any-return]
app/services/oauth_state.py:78: error: Returning Any from function declared to return "dict[Any, Any] | None"  [no-any-return]
app/services/oauth_state.py:106: error: Returning Any from function declared to return "dict[Any, Any] | None"  [no-any-return]
app/services/oauth_state.py:106: error: Argument 1 to "loads" has incompatible type "Awaitable[Any] | Any"; expected "str | bytes | bytearray"  [arg-type]
app/services/oauth_state.py:127: error: Unsupported operand types for < ("int" and "Awaitable[Any]")  [operator]
app/services/oauth_state.py:127: note: Left operand is of type "Awaitable[Any] | Any"
scripts/sync/splynx_sync_improved.py:19: error: Library stubs not installed for "pymysql"  [import-untyped]
scripts/sync/splynx_sync_improved.py:19: note: Hint: "python3 -m pip install types-PyMySQL"
app/observability.py:55: error: Returning Any from function declared to return "str"  [no-any-return]
app/models/scheduler.py:29: error: Argument 1 to "as_mutable" of "Mutable" has incompatible type "type[JSON]"; expected "TypeEngine[Any]"  [arg-type]
app/models/scheduler.py:30: error: Argument 1 to "as_mutable" of "Mutable" has incompatible type "type[JSON]"; expected "TypeEngine[Any]"  [arg-type]
app/models/audit.py:43: error: Argument 1 to "as_mutable" of "Mutable" has incompatible type "type[JSON]"; expected "TypeEngine[Any]"  [arg-type]
tests/playwright/pages/base_page.py:114: error: Incompatible return value type (got "Cookie", expected "dict[Any, Any] | None")  [return-value]
tests/playwright/helpers/api.py:48: error: Argument "form" to "post" of "APIRequestContext" has incompatible type "Mapping[str, Any]"; expected "dict[str, str | float | bool] | None"  [arg-type]
alembic/versions/2d4f7d5b3b0a_add_project_templates.py:210: error: Need type annotation for "title"  [var-annotated]
alembic/versions/2d4f7d5b3b0a_add_project_templates.py:210: error: Argument 1 to "enumerate" has incompatible type "object"; expected "Iterable[Never]"  [arg-type]
tests/playwright/pages/reseller/login_page.py:16: error: Signature of "goto" incompatible with supertype "tests.playwright.pages.base_page.BasePage"  [override]
tests/playwright/pages/reseller/login_page.py:16: note:      Superclass:
tests/playwright/pages/reseller/login_page.py:16: note:          def goto(self, path: str = ...) -> None
tests/playwright/pages/reseller/login_page.py:16: note:      Subclass:
tests/playwright/pages/reseller/login_page.py:16: note:          def goto(self) -> None
tests/playwright/pages/reseller/dashboard_page.py:16: error: Signature of "goto" incompatible with supertype "tests.playwright.pages.base_page.BasePage"  [override]
tests/playwright/pages/reseller/dashboard_page.py:16: note:      Superclass:
tests/playwright/pages/reseller/dashboard_page.py:16: note:          def goto(self, path: str = ...) -> None
tests/playwright/pages/reseller/dashboard_page.py:16: note:      Subclass:
tests/playwright/pages/reseller/dashboard_page.py:16: note:          def goto(self) -> None
tests/playwright/pages/reseller/accounts_page.py:16: error: Signature of "goto" incompatible with supertype "tests.playwright.pages.base_page.BasePage"  [override]
tests/playwright/pages/reseller/accounts_page.py:16: note:      Superclass:
tests/playwright/pages/reseller/accounts_page.py:16: note:          def goto(self, path: str = ...) -> None
tests/playwright/pages/reseller/accounts_page.py:16: note:      Subclass:
tests/playwright/pages/reseller/accounts_page.py:16: note:          def goto(self) -> None
tests/playwright/pages/customer/usage_page.py:16: error: Signature of "goto" incompatible with supertype "tests.playwright.pages.base_page.BasePage"  [override]
tests/playwright/pages/customer/usage_page.py:16: note:      Superclass:
tests/playwright/pages/customer/usage_page.py:16: note:          def goto(self, path: str = ...) -> None
tests/playwright/pages/customer/usage_page.py:16: note:      Subclass:
tests/playwright/pages/customer/usage_page.py:16: note:          def goto(self) -> None
tests/playwright/pages/customer/services_page.py:16: error: Signature of "goto" incompatible with supertype "tests.playwright.pages.base_page.BasePage"  [override]
tests/playwright/pages/customer/services_page.py:16: note:      Superclass:
tests/playwright/pages/customer/services_page.py:16: note:          def goto(self, path: str = ...) -> None
tests/playwright/pages/customer/services_page.py:16: note:      Subclass:
tests/playwright/pages/customer/services_page.py:16: note:          def goto(self) -> None
tests/playwright/pages/customer/profile_page.py:16: error: Signature of "goto" incompatible with supertype "tests.playwright.pages.base_page.BasePage"  [override]
tests/playwright/pages/customer/profile_page.py:16: note:      Superclass:
tests/playwright/pages/customer/profile_page.py:16: note:          def goto(self, path: str = ...) -> None
tests/playwright/pages/customer/profile_page.py:16: note:      Subclass:
tests/playwright/pages/customer/profile_page.py:16: note:          def goto(self) -> None
tests/playwright/pages/customer/dashboard_page.py:16: error: Signature of "goto" incompatible with supertype "tests.playwright.pages.base_page.BasePage"  [override]
tests/playwright/pages/customer/dashboard_page.py:16: note:      Superclass:
tests/playwright/pages/customer/dashboard_page.py:16: note:          def goto(self, path: str = ...) -> None
tests/playwright/pages/customer/dashboard_page.py:16: note:      Subclass:
tests/playwright/pages/customer/dashboard_page.py:16: note:          def goto(self) -> None
tests/playwright/pages/customer/billing_page.py:16: error: Signature of "goto" incompatible with supertype "tests.playwright.pages.base_page.BasePage"  [override]
tests/playwright/pages/customer/billing_page.py:16: note:      Superclass:
tests/playwright/pages/customer/billing_page.py:16: note:          def goto(self, path: str = ...) -> None
tests/playwright/pages/customer/billing_page.py:16: note:      Subclass:
tests/playwright/pages/customer/billing_page.py:16: note:          def goto(self) -> None
tests/playwright/pages/auth/reset_password_page.py:16: error: Signature of "goto" incompatible with supertype "tests.playwright.pages.base_page.BasePage"  [override]
tests/playwright/pages/auth/reset_password_page.py:16: note:      Superclass:
tests/playwright/pages/auth/reset_password_page.py:16: note:          def goto(self, path: str = ...) -> None
tests/playwright/pages/auth/reset_password_page.py:16: note:      Subclass:
tests/playwright/pages/auth/reset_password_page.py:16: note:          def goto(self, token: str) -> None
tests/playwright/pages/auth/mfa_page.py:16: error: Signature of "goto" incompatible with supertype "tests.playwright.pages.base_page.BasePage"  [override]
tests/playwright/pages/auth/mfa_page.py:16: note:      Superclass:
tests/playwright/pages/auth/mfa_page.py:16: note:          def goto(self, path: str = ...) -> None
tests/playwright/pages/auth/mfa_page.py:16: note:      Subclass:
tests/playwright/pages/auth/mfa_page.py:16: note:          def goto(self) -> None
tests/playwright/pages/auth/login_page.py:16: error: Signature of "goto" incompatible with supertype "tests.playwright.pages.base_page.BasePage"  [override]
tests/playwright/pages/auth/login_page.py:16: note:      Superclass:
tests/playwright/pages/auth/login_page.py:16: note:          def goto(self, path: str = ...) -> None
tests/playwright/pages/auth/login_page.py:16: note:      Subclass:
tests/playwright/pages/auth/login_page.py:16: note:          def goto(self) -> None
tests/playwright/pages/auth/forgot_password_page.py:16: error: Signature of "goto" incompatible with supertype "tests.playwright.pages.base_page.BasePage"  [override]
tests/playwright/pages/auth/forgot_password_page.py:16: note:      Superclass:
tests/playwright/pages/auth/forgot_password_page.py:16: note:          def goto(self, path: str = ...) -> None
tests/playwright/pages/auth/forgot_password_page.py:16: note:      Subclass:
tests/playwright/pages/auth/forgot_password_page.py:16: note:          def goto(self) -> None
tests/playwright/pages/auth/forgot_password_page.py:37: error: Signature of "expect_success_message" incompatible with supertype "tests.playwright.pages.base_page.BasePage"  [override]
tests/playwright/pages/auth/forgot_password_page.py:37: note:      Superclass:
tests/playwright/pages/auth/forgot_password_page.py:37: note:          def expect_success_message(self, message: str) -> None
tests/playwright/pages/auth/forgot_password_page.py:37: note:      Subclass:
tests/playwright/pages/auth/forgot_password_page.py:37: note:          def expect_success_message(self) -> None
tests/playwright/pages/admin/subscribers_page.py:16: error: Signature of "goto" incompatible with supertype "tests.playwright.pages.base_page.BasePage"  [override]
tests/playwright/pages/admin/subscribers_page.py:16: note:      Superclass:
tests/playwright/pages/admin/subscribers_page.py:16: note:          def goto(self, path: str = ...) -> None
tests/playwright/pages/admin/subscribers_page.py:16: note:      Subclass:
tests/playwright/pages/admin/subscribers_page.py:16: note:          def goto(self) -> None
tests/playwright/pages/admin/subscriber_detail_page.py:16: error: Signature of "goto" incompatible with supertype "tests.playwright.pages.base_page.BasePage"  [override]
tests/playwright/pages/admin/subscriber_detail_page.py:16: note:      Superclass:
tests/playwright/pages/admin/subscriber_detail_page.py:16: note:          def goto(self, path: str = ...) -> None
tests/playwright/pages/admin/subscriber_detail_page.py:16: note:      Subclass:
tests/playwright/pages/admin/subscriber_detail_page.py:16: note:          def goto(self, subscriber_id: str) -> None
tests/playwright/pages/admin/dashboard_page.py:16: error: Signature of "goto" incompatible with supertype "tests.playwright.pages.base_page.BasePage"  [override]
tests/playwright/pages/admin/dashboard_page.py:16: note:      Superclass:
tests/playwright/pages/admin/dashboard_page.py:16: note:          def goto(self, path: str = ...) -> None
tests/playwright/pages/admin/dashboard_page.py:16: note:      Subclass:
tests/playwright/pages/admin/dashboard_page.py:16: note:          def goto(self) -> None
tests/playwright/pages/admin/system/webhooks_page.py:16: error: Signature of "goto" incompatible with supertype "tests.playwright.pages.base_page.BasePage"  [override]
tests/playwright/pages/admin/system/webhooks_page.py:16: note:      Superclass:
tests/playwright/pages/admin/system/webhooks_page.py:16: note:          def goto(self, path: str = ...) -> None
tests/playwright/pages/admin/system/webhooks_page.py:16: note:      Subclass:
tests/playwright/pages/admin/system/webhooks_page.py:16: note:          def goto(self) -> None
tests/playwright/pages/admin/system/users_page.py:16: error: Signature of "goto" incompatible with supertype "tests.playwright.pages.base_page.BasePage"  [override]
tests/playwright/pages/admin/system/users_page.py:16: note:      Superclass:
tests/playwright/pages/admin/system/users_page.py:16: note:          def goto(self, path: str = ...) -> None
tests/playwright/pages/admin/system/users_page.py:16: note:      Subclass:
tests/playwright/pages/admin/system/users_page.py:16: note:          def goto(self) -> None
tests/playwright/pages/admin/system/settings_page.py:16: error: Signature of "goto" incompatible with supertype "tests.playwright.pages.base_page.BasePage"  [override]
tests/playwright/pages/admin/system/settings_page.py:16: note:      Superclass:
tests/playwright/pages/admin/system/settings_page.py:16: note:          def goto(self, path: str = ...) -> None
tests/playwright/pages/admin/system/settings_page.py:16: note:      Subclass:
tests/playwright/pages/admin/system/settings_page.py:16: note:          def goto(self) -> None
tests/playwright/pages/admin/system/roles_page.py:16: error: Signature of "goto" incompatible with supertype "tests.playwright.pages.base_page.BasePage"  [override]
tests/playwright/pages/admin/system/roles_page.py:16: note:      Superclass:
tests/playwright/pages/admin/system/roles_page.py:16: note:          def goto(self, path: str = ...) -> None
tests/playwright/pages/admin/system/roles_page.py:16: note:      Subclass:
tests/playwright/pages/admin/system/roles_page.py:16: note:          def goto(self) -> None
tests/playwright/pages/admin/system/audit_page.py:16: error: Signature of "goto" incompatible with supertype "tests.playwright.pages.base_page.BasePage"  [override]
tests/playwright/pages/admin/system/audit_page.py:16: note:      Superclass:
tests/playwright/pages/admin/system/audit_page.py:16: note:          def goto(self, path: str = ...) -> None
tests/playwright/pages/admin/system/audit_page.py:16: note:      Subclass:
tests/playwright/pages/admin/system/audit_page.py:16: note:          def goto(self) -> None
tests/playwright/pages/admin/system/api_keys_page.py:16: error: Signature of "goto" incompatible with supertype "tests.playwright.pages.base_page.BasePage"  [override]
tests/playwright/pages/admin/system/api_keys_page.py:16: note:      Superclass:
tests/playwright/pages/admin/system/api_keys_page.py:16: note:          def goto(self, path: str = ...) -> None
tests/playwright/pages/admin/system/api_keys_page.py:16: note:      Subclass:
tests/playwright/pages/admin/system/api_keys_page.py:16: note:          def goto(self) -> None
tests/playwright/pages/admin/network/vlans_page.py:16: error: Signature of "goto" incompatible with supertype "tests.playwright.pages.base_page.BasePage"  [override]
tests/playwright/pages/admin/network/vlans_page.py:16: note:      Superclass:
tests/playwright/pages/admin/network/vlans_page.py:16: note:          def goto(self, path: str = ...) -> None
tests/playwright/pages/admin/network/vlans_page.py:16: note:      Subclass:
tests/playwright/pages/admin/network/vlans_page.py:16: note:          def goto(self) -> None
tests/playwright/pages/admin/network/onts_page.py:16: error: Signature of "goto" incompatible with supertype "tests.playwright.pages.base_page.BasePage"  [override]
tests/playwright/pages/admin/network/onts_page.py:16: note:      Superclass:
tests/playwright/pages/admin/network/onts_page.py:16: note:          def goto(self, path: str = ...) -> None
tests/playwright/pages/admin/network/onts_page.py:16: note:      Subclass:
tests/playwright/pages/admin/network/onts_page.py:16: note:          def goto(self) -> None
tests/playwright/pages/admin/network/olts_page.py:16: error: Signature of "goto" incompatible with supertype "tests.playwright.pages.base_page.BasePage"  [override]
tests/playwright/pages/admin/network/olts_page.py:16: note:      Superclass:
tests/playwright/pages/admin/network/olts_page.py:16: note:          def goto(self, path: str = ...) -> None
tests/playwright/pages/admin/network/olts_page.py:16: note:      Subclass:
tests/playwright/pages/admin/network/olts_page.py:16: note:          def goto(self) -> None
tests/playwright/pages/admin/network/ip_management_page.py:16: error: Signature of "goto" incompatible with supertype "tests.playwright.pages.base_page.BasePage"  [override]
tests/playwright/pages/admin/network/ip_management_page.py:16: note:      Superclass:
tests/playwright/pages/admin/network/ip_management_page.py:16: note:          def goto(self, path: str = ...) -> None
tests/playwright/pages/admin/network/ip_management_page.py:16: note:      Subclass:
tests/playwright/pages/admin/network/ip_management_page.py:16: note:          def goto(self) -> None
tests/playwright/pages/admin/network/fiber_map_page.py:16: error: Signature of "goto" incompatible with supertype "tests.playwright.pages.base_page.BasePage"  [override]
tests/playwright/pages/admin/network/fiber_map_page.py:16: note:      Superclass:
tests/playwright/pages/admin/network/fiber_map_page.py:16: note:          def goto(self, path: str = ...) -> None
tests/playwright/pages/admin/network/fiber_map_page.py:16: note:      Subclass:
tests/playwright/pages/admin/network/fiber_map_page.py:16: note:          def goto(self) -> None
tests/playwright/pages/admin/catalog/offers_page.py:16: error: Signature of "goto" incompatible with supertype "tests.playwright.pages.base_page.BasePage"  [override]
tests/playwright/pages/admin/catalog/offers_page.py:16: note:      Superclass:
tests/playwright/pages/admin/catalog/offers_page.py:16: note:          def goto(self, path: str = ...) -> None
tests/playwright/pages/admin/catalog/offers_page.py:16: note:      Subclass:
tests/playwright/pages/admin/catalog/offers_page.py:16: note:          def goto(self) -> None
tests/playwright/pages/admin/billing/payments_page.py:16: error: Signature of "goto" incompatible with supertype "tests.playwright.pages.base_page.BasePage"  [override]
tests/playwright/pages/admin/billing/payments_page.py:16: note:      Superclass:
tests/playwright/pages/admin/billing/payments_page.py:16: note:          def goto(self, path: str = ...) -> None
tests/playwright/pages/admin/billing/payments_page.py:16: note:      Subclass:
tests/playwright/pages/admin/billing/payments_page.py:16: note:          def goto(self) -> None
tests/playwright/pages/admin/billing/invoices_page.py:16: error: Signature of "goto" incompatible with supertype "tests.playwright.pages.base_page.BasePage"  [override]
tests/playwright/pages/admin/billing/invoices_page.py:16: note:      Superclass:
tests/playwright/pages/admin/billing/invoices_page.py:16: note:          def goto(self, path: str = ...) -> None
tests/playwright/pages/admin/billing/invoices_page.py:16: note:      Subclass:
tests/playwright/pages/admin/billing/invoices_page.py:16: note:          def goto(self) -> None
tests/playwright/pages/admin/billing/billing_overview_page.py:16: error: Signature of "goto" incompatible with supertype "tests.playwright.pages.base_page.BasePage"  [override]
tests/playwright/pages/admin/billing/billing_overview_page.py:16: note:      Superclass:
tests/playwright/pages/admin/billing/billing_overview_page.py:16: note:          def goto(self, path: str = ...) -> None
tests/playwright/pages/admin/billing/billing_overview_page.py:16: note:      Subclass:
tests/playwright/pages/admin/billing/billing_overview_page.py:16: note:          def goto(self) -> None
tests/playwright/e2e/test_reports.py:17: error: Signature of "goto" incompatible with supertype "tests.playwright.pages.base_page.BasePage"  [override]
tests/playwright/e2e/test_reports.py:17: note:      Superclass:
tests/playwright/e2e/test_reports.py:17: note:          def goto(self, path: str = ...) -> None
tests/playwright/e2e/test_reports.py:17: note:      Subclass:
tests/playwright/e2e/test_reports.py:17: note:          def goto(self) -> None
scripts/smoke_links.py:145: error: Argument 1 to "append" of "deque" has incompatible type "tuple[str, str]"; expected "tuple[str, None]"  [arg-type]
scripts/smoke_links.py:155: error: Argument 1 to "append" of "deque" has incompatible type "tuple[str, str]"; expected "tuple[str, None]"  [arg-type]
tests/mocks.py:73: note: By default the bodies of untyped functions are not checked, consider using --check-untyped-defs  [annotation-unchecked]
tests/mocks.py:193: note: By default the bodies of untyped functions are not checked, consider using --check-untyped-defs  [annotation-unchecked]
tests/mocks.py:194: note: By default the bodies of untyped functions are not checked, consider using --check-untyped-defs  [annotation-unchecked]
tests/mocks.py:207: error: Returning Any from function declared to return "int"  [no-any-return]
app/services/provisioning_adapters.py:9: error: Library stubs not installed for "paramiko"  [import-untyped]
app/services/provisioning_adapters.py:9: note: Hint: "python3 -m pip install types-paramiko"
app/services/provisioning_adapters.py:9: note: (or run "mypy --install-types" to install all missing stub packages)
app/services/provisioning_adapters.py:9: note: See https://mypy.readthedocs.io/en/stable/running_mypy.html#missing-imports
app/services/provisioning_adapters.py:245: error: Returning Any from function declared to return "str | None"  [no-any-return]
app/models/subscriber.py:215: error: Argument 1 to "as_mutable" of "Mutable" has incompatible type "type[JSON]"; expected "TypeEngine[Any]"  [arg-type]
app/models/subscriber.py:271: error: Argument 1 to "as_mutable" of "Mutable" has incompatible type "type[JSON]"; expected "TypeEngine[Any]"  [arg-type]
app/services/typeahead.py:14: error: Returning Any from function declared to return "str"  [no-any-return]
app/services/typeahead.py:32: error: "Invoice" has no attribute "subscriber"  [attr-defined]
app/services/typeahead.py:33: error: "Invoice" has no attribute "subscriber"  [attr-defined]
app/services/typeahead.py:150: error: "type[Invoice]" has no attribute "subscriber_id"  [attr-defined]
app/services/typeahead.py:152: error: "type[Invoice]" has no attribute "subscriber"  [attr-defined]
app/services/typeahead.py:164: error: "type[Invoice]" has no attribute "subscriber_id"  [attr-defined]
app/services/typeahead.py:430: error: "type[Invoice]" has no attribute "subscriber_id"  [attr-defined]
app/services/typeahead.py:432: error: "type[Invoice]" has no attribute "subscriber"  [attr-defined]
scripts/import_fiber_kmz.py:13: error: Incompatible types in assignment (expression has type "None", variable has type "Callable[[str | PathLike[str] | None, IO[str] | None, bool, bool, bool, str | None], bool]")  [assignment]
scripts/import_fiber_kmz.py:506: error: Function "load_dotenv" could always be true in boolean context  [truthy-function]
app/services/web_network_core_runtime.py:167: error: Returning Any from function declared to return "NetworkDevice | None"  [no-any-return]
app/services/web_network_core_runtime.py:278: error: Argument 1 to "int" has incompatible type "float | int | None"; expected "str | Buffer | SupportsInt | SupportsIndex | SupportsTrunc"  [arg-type]
app/services/web_network_core_runtime.py:288: error: Argument 1 to "int" has incompatible type "float | int | None"; expected "str | Buffer | SupportsInt | SupportsIndex | SupportsTrunc"  [arg-type]
app/services/web_network_core_runtime.py:298: error: Argument 1 to "int" has incompatible type "float | int | None"; expected "str | Buffer | SupportsInt | SupportsIndex | SupportsTrunc"  [arg-type]
app/services/web_network_core_runtime.py:308: error: Argument 1 to "int" has incompatible type "float | int | None"; expected "str | Buffer | SupportsInt | SupportsIndex | SupportsTrunc"  [arg-type]
app/services/web_network_core_runtime.py:318: error: Argument 1 to "int" has incompatible type "float | int | None"; expected "str | Buffer | SupportsInt | SupportsIndex | SupportsTrunc"  [arg-type]
app/services/sms.py:273: error: Argument 2 to "_send_via_africastalking" has incompatible type "str | None"; expected "str"  [arg-type]
app/services/events/handlers/notification.py:116: error: Returning Any from function declared to return "str | None"  [no-any-return]
app/models/__init__.py:150: error: Incompatible import of "DeviceType" (imported name has type "type[app.models.network_monitoring.DeviceType]", local name has type "type[app.models.network.DeviceType]")  [assignment]
app/schemas/network.py:79: error: Incompatible types in assignment (expression has type "UUID | None", base class "PortBase" defined the type as "UUID")  [assignment]
app/schemas/network.py:383: error: Incompatible types in assignment (expression has type "str | None", base class "PonPortBase" defined the type as "str")  [assignment]
app/schemas/network.py:707: error: Incompatible types in assignment (expression has type "str | None", base class "FiberStrandBase" defined the type as "str")  [assignment]
app/schemas/network.py:802: error: Incompatible types in assignment (expression has type "UUID | None", base class "FiberSpliceBase" defined the type as "UUID")  [assignment]
app/schemas/network.py:803: error: Incompatible types in assignment (expression has type "UUID | None", base class "FiberSpliceBase" defined the type as "UUID")  [assignment]
app/schemas/network.py:804: error: Incompatible types in assignment (expression has type "UUID | None", base class "FiberSpliceBase" defined the type as "UUID")  [assignment]
app/imports/loader.py:32: error: "type[ModelT]" has no attribute "model_validate"  [attr-defined]
app/imports/loader.py:49: error: "type[ModelT]" has no attribute "model_validate"  [attr-defined]
app/imports/loader.py:66: error: "type[ModelT]" has no attribute "model_validate"  [attr-defined]
app/services/web_network_pop_sites.py:177: error: Incompatible types in assignment (expression has type "object", variable has type "SQLCoreOperations[str] | str")  [assignment]
app/services/web_network_pop_sites.py:178: error: Incompatible types in assignment (expression has type "object", variable has type "SQLCoreOperations[str | None] | str | None")  [assignment]
app/services/web_network_pop_sites.py:179: error: Incompatible types in assignment (expression has type "object", variable has type "SQLCoreOperations[str | None] | str | None")  [assignment]
app/services/web_network_pop_sites.py:180: error: Incompatible types in assignment (expression has type "object", variable has type "SQLCoreOperations[str | None] | str | None")  [assignment]
app/services/web_network_pop_sites.py:181: error: Incompatible types in assignment (expression has type "object", variable has type "SQLCoreOperations[str | None] | str | None")  [assignment]
app/services/web_network_pop_sites.py:182: error: Incompatible types in assignment (expression has type "object", variable has type "SQLCoreOperations[str | None] | str | None")  [assignment]
app/services/web_network_pop_sites.py:183: error: Incompatible types in assignment (expression has type "object", variable has type "SQLCoreOperations[str | None] | str | None")  [assignment]
app/services/web_network_pop_sites.py:184: error: Incompatible types in assignment (expression has type "object", variable has type "SQLCoreOperations[str | None] | str | None")  [assignment]
app/services/web_network_pop_sites.py:185: error: Incompatible types in assignment (expression has type "object", variable has type "SQLCoreOperations[float | None] | float | None")  [assignment]
app/services/web_network_pop_sites.py:186: error: Incompatible types in assignment (expression has type "object", variable has type "SQLCoreOperations[float | None] | float | None")  [assignment]
app/services/web_network_pop_sites.py:187: error: Incompatible types in assignment (expression has type "object", variable has type "SQLCoreOperations[str | None] | str | None")  [assignment]
app/services/web_network_pop_sites.py:247: error: Argument 1 to "WirelessMastCreate" has incompatible type "**dict[str, object]"; expected "str"  [arg-type]
app/services/web_network_pop_sites.py:247: error: Argument 1 to "WirelessMastCreate" has incompatible type "**dict[str, object]"; expected "float"  [arg-type]
app/services/web_network_pop_sites.py:247: error: Argument 1 to "WirelessMastCreate" has incompatible type "**dict[str, object]"; expected "float | None"  [arg-type]
app/services/web_network_pop_sites.py:247: error: Argument 1 to "WirelessMastCreate" has incompatible type "**dict[str, object]"; expected "str | None"  [arg-type]
app/services/web_network_pop_sites.py:247: error: Argument 1 to "WirelessMastCreate" has incompatible type "**dict[str, object]"; expected "bool"  [arg-type]
app/services/web_network_pop_sites.py:247: error: Argument 1 to "WirelessMastCreate" has incompatible type "**dict[str, object]"; expected "dict[Any, Any] | None"  [arg-type]
app/services/web_network_pop_sites.py:247: error: Argument "pop_site_id" to "WirelessMastCreate" has incompatible type "str"; expected "UUID | None"  [arg-type]
app/websocket/manager.py:29: note: By default the bodies of untyped functions are not checked, consider using --check-untyped-defs  [annotation-unchecked]
app/websocket/manager.py:30: note: By default the bodies of untyped functions are not checked, consider using --check-untyped-defs  [annotation-unchecked]
app/websocket/manager.py:33: note: By default the bodies of untyped functions are not checked, consider using --check-untyped-defs  [annotation-unchecked]
app/services/web_vendor_auth.py:146: error: Argument "value" to "set_cookie" of "Response" has incompatible type "str | None"; expected "str"  [arg-type]
app/services/geocoding.py:105: error: Argument 1 to "float" has incompatible type "Any | None"; expected "str | Buffer | SupportsFloat | SupportsIndex"  [arg-type]
app/services/geocoding.py:106: error: Argument 1 to "float" has incompatible type "Any | None"; expected "str | Buffer | SupportsFloat | SupportsIndex"  [arg-type]
app/services/geocoding.py:128: error: Argument 1 to "float" has incompatible type "Any | None"; expected "str | Buffer | SupportsFloat | SupportsIndex"  [arg-type]
app/services/geocoding.py:129: error: Argument 1 to "float" has incompatible type "Any | None"; expected "str | Buffer | SupportsFloat | SupportsIndex"  [arg-type]
app/services/fiber_change_requests.py:116: error: "FiberChangeRequest" has no attribute "reviewed_by_person_id"  [attr-defined]
app/services/fiber_change_requests.py:163: error: "FiberChangeRequest" has no attribute "reviewed_by_person_id"  [attr-defined]
app/services/crud.py:31: error: Returning Any from function declared to return "dict[Any, Any]"  [no-any-return]
app/services/avatar.py:29: error: Argument 1 to "_get_extension" has incompatible type "str | None"; expected "str"  [arg-type]
app/poller/mikrotik_poller.py:133: error: Item "None" of "Any | None" has no attribute "get_resource"  [union-attr]
app/poller/mikrotik_poller.py:153: error: Item "None" of "Any | None" has no attribute "get_resource"  [union-attr]
app/poller/mikrotik_poller.py:193: error: Returning Any from function declared to return "bool"  [no-any-return]
app/poller/mikrotik_poller.py:300: error: "BaseException" object is not iterable  [misc]
app/poller/mikrotik_poller.py:354: error: Argument 2 to "xadd" of "StreamCommands" has incompatible type "dict[str, str]"; expected "dict[bytes | memoryview[int] | str | int | float, bytes | memoryview[int] | str | int | float]"  [arg-type]
app/services/web_system_users.py:193: error: Incompatible return value type (got "Sequence[Role]", expected "list[Any]")  [return-value]
app/services/web_system_api_keys.py:16: error: Incompatible return value type (got "Sequence[ApiKey]", expected "list[ApiKey]")  [return-value]
app/services/subscription_changes.py:146: error: Returning Any from function declared to return "list[SubscriptionChangeRequest]"  [no-any-return]
app/services/subscription_changes.py:178: error: "SubscriptionChangeRequest" has no attribute "reviewed_by_person_id"  [attr-defined]
app/services/subscription_changes.py:219: error: "SubscriptionChangeRequest" has no attribute "reviewed_by_person_id"  [attr-defined]
app/services/subscription_changes.py:262: error: "Subscription" has no attribute "monthly_price"  [attr-defined]
app/services/subscription_changes.py:262: error: "CatalogOffer" has no attribute "price"; maybe "prices"?  [attr-defined]
app/services/qualification.py:265: error: Incompatible types in assignment (expression has type "CoverageArea | None", variable has type "CoverageArea")  [assignment]
app/services/payment_arrangements.py:210: error: "type[PaymentArrangement]" has no attribute "account_id"  [attr-defined]
app/services/payment_arrangements.py:231: error: Returning Any from function declared to return "list[PaymentArrangement]"  [no-any-return]
app/services/payment_arrangements.py:263: error: "PaymentArrangement" has no attribute "approved_by_person_id"  [attr-defined]
app/services/payment_arrangements.py:461: error: Returning Any from function declared to return "list[PaymentArrangementInstallment]"  [no-any-return]
app/services/notification.py:177: error: Need type annotation for "totals" (hint: "totals: dict[<type>, <type>] = ...")  [var-annotated]
app/services/notification.py:177: error: Argument 1 to "dict" has incompatible type "list[Row[tuple[NotificationChannel, int]]]"; expected "Iterable[tuple[Never, Never]]"  [arg-type]
app/services/notification.py:326: error: Need type annotation for "totals" (hint: "totals: dict[<type>, <type>] = ...")  [var-annotated]
app/services/notification.py:326: error: Argument 1 to "dict" has incompatible type "list[Row[tuple[NotificationStatus, int]]]"; expected "Iterable[tuple[Never, Never]]"  [arg-type]
app/services/gis.py:100: error: Function "app.services.gis.GeoLocations.list" is not valid as a type  [valid-type]
app/services/gis.py:100: note: Perhaps you need "Callable[...]" or a callback protocol?
app/services/gis.py:146: error: Function "app.services.gis.GeoLocations.list" is not valid as a type  [valid-type]
app/services/gis.py:146: note: Perhaps you need "Callable[...]" or a callback protocol?
app/services/gis.py:269: error: Function "app.services.gis.GeoAreas.list" is not valid as a type  [valid-type]
app/services/gis.py:269: note: Perhaps you need "Callable[...]" or a callback protocol?
app/services/contracts.py:125: error: "type[ContractSignature]" has no attribute "account_id"  [attr-defined]
app/services/contracts.py:169: error: "ServiceOrder" has no attribute "account_id"  [attr-defined]
app/services/contracts.py:223: error: "ServiceOrder" has no attribute "account_id"  [attr-defined]
app/services/contracts.py:244: error: "ServiceOrder" has no attribute "account_id"  [attr-defined]
app/services/base.py:188: error: "type[T]" has no attribute "is_active"  [attr-defined]
app/services/base.py:217: error: "type[T]" has no attribute "is_active"  [attr-defined]
app/services/catalog/offer_addons.py:52: error: Returning Any from function declared to return "list[OfferAddOn]"  [no-any-return]
app/services/catalog/offer_addons.py:157: error: Function "app.services.catalog.offer_addons.OfferAddOns.list" is not valid as a type  [valid-type]
app/services/catalog/offer_addons.py:157: note: Perhaps you need "Callable[...]" or a callback protocol?
app/services/catalog/offer_addons.py:159: error: Function "app.services.catalog.offer_addons.OfferAddOns.list" is not valid as a type  [valid-type]
app/services/catalog/offer_addons.py:159: note: Perhaps you need "Callable[...]" or a callback protocol?
app/services/catalog/offer_addons.py:193: error: "list?[builtins.dict[Any, Any]]" has no attribute "__iter__" (not iterable)  [attr-defined]
app/services/catalog/validation.py:74: error: Incompatible types in assignment (expression has type "list[OfferPrice]", variable has type "list[OfferVersionPrice]")  [assignment]
app/services/catalog/validation.py:118: error: Incompatible types in assignment (expression has type "AddOnPrice", variable has type "OfferVersionPrice")  [assignment]
app/services/web_system_profiles.py:158: error: Module has no attribute "person_permissions"; maybe "role_permissions" or "permissions"?  [attr-defined]
scripts/send_admin_notification.py:13: error: Module "app.models.rbac" has no attribute "PersonRole"  [attr-defined]
app/services/settings_spec.py:1875: error: Returning Any from function declared to return "object | None"  [no-any-return]
app/services/settings_spec.py:1895: error: No overload variant of "int" matches argument type "object"  [call-overload]
app/services/settings_spec.py:1895: note: Possible overload variants:
app/services/settings_spec.py:1895: note:     def __new__(cls, str | Buffer | SupportsInt | SupportsIndex | SupportsTrunc = ..., /) -> int
app/services/settings_spec.py:1895: note:     def __new__(cls, str | bytes | bytearray, /, base: SupportsIndex) -> int
app/services/settings_spec.py:1971: error: No overload variant of "int" matches argument type "object"  [call-overload]
app/services/settings_spec.py:1971: note: Possible overload variants:
app/services/settings_spec.py:1971: note:     def __new__(cls, str | Buffer | SupportsInt | SupportsIndex | SupportsTrunc = ..., /) -> int
app/services/settings_spec.py:1971: note:     def __new__(cls, str | bytes | bytearray, /, base: SupportsIndex) -> int
app/services/settings_spec.py:1995: error: Returning Any from function declared to return "object | None"  [no-any-return]
app/services/settings_spec.py:1997: error: Returning Any from function declared to return "object | None"  [no-any-return]
app/services/settings_spec.py:2035: error: No overload variant of "int" matches argument type "object"  [call-overload]
app/services/settings_spec.py:2035: note: Possible overload variants:
app/services/settings_spec.py:2035: note:     def __new__(cls, str | Buffer | SupportsInt | SupportsIndex | SupportsTrunc = ..., /) -> int
app/services/settings_spec.py:2035: note:     def __new__(cls, str | bytes | bytearray, /, base: SupportsIndex) -> int
app/services/settings_seed.py:132: error: Argument "value_json" to "ensure_by_key" of "DomainSettings" has incompatible type "list[str]"; expected "dict[Any, Any] | bool | int | None"  [arg-type]
app/services/settings_seed.py:138: error: Argument "value_json" to "ensure_by_key" of "DomainSettings" has incompatible type "list[str]"; expected "dict[Any, Any] | bool | int | None"  [arg-type]
app/services/workflow.py:55: error: Returning Any from function declared to return "ServiceOrder"  [no-any-return]
app/services/audit_helpers.py:118: error: Returning Any from function declared to return "dict[Any, Any] | None"  [no-any-return]
app/services/web_network_alarm_rules.py:117: error: Argument "name" to "AlertRuleCreate" has incompatible type "object"; expected "str"  [arg-type]
app/services/web_network_alarm_rules.py:120: error: Argument "threshold" to "AlertRuleCreate" has incompatible type "object"; expected "float"  [arg-type]
app/services/web_network_alarm_rules.py:121: error: Argument "duration_seconds" to "AlertRuleCreate" has incompatible type "object"; expected "int | None"  [arg-type]
app/services/web_network_alarm_rules.py:123: error: Argument "device_id" to "AlertRuleCreate" has incompatible type "object"; expected "UUID | None"  [arg-type]
app/services/web_network_alarm_rules.py:124: error: Argument "interface_id" to "AlertRuleCreate" has incompatible type "object"; expected "UUID | None"  [arg-type]
app/services/web_network_alarm_rules.py:126: error: Argument "notes" to "AlertRuleCreate" has incompatible type "object"; expected "str | None"  [arg-type]
scripts/settings_validate.py:28: note: By default the bodies of untyped functions are not checked, consider using --check-untyped-defs  [annotation-unchecked]
scripts/settings_sync.py:39: note: By default the bodies of untyped functions are not checked, consider using --check-untyped-defs  [annotation-unchecked]
app/services/wireguard_crypto.py:144: error: Returning Any from function declared to return "bytes | None"  [no-any-return]
app/services/wireguard_crypto.py:144: error: "object" has no attribute "encode"  [attr-defined]
app/services/web_system_health.py:34: error: Argument 1 to "float" has incompatible type "object"; expected "str | Buffer | SupportsFloat | SupportsIndex"  [arg-type]
app/services/web_system_health.py:37: error: Argument 2 to "evaluate_health" has incompatible type "dict[str, object]"; expected "dict[str, float]"  [arg-type]
app/services/web_network_fiber.py:199: error: Argument 1 to "dict" has incompatible type "list[Row[tuple[UUID | None, int]]]"; expected "Iterable[tuple[Any, Any]]"  [arg-type]
app/services/web_network_fiber.py:236: error: Argument 1 to "dict" has incompatible type "list[Row[tuple[UUID, int]]]"; expected "Iterable[tuple[Any, Any]]"  [arg-type]
app/services/web_network_fiber.py:242: error: Argument 1 to "dict" has incompatible type "list[Row[tuple[UUID, int]]]"; expected "Iterable[tuple[Any, Any]]"  [arg-type]
app/services/web_network_fiber.py:570: error: Incompatible types in assignment (expression has type "FiberSpliceClosure | None", variable has type "FdhCabinet | None")  [assignment]
app/services/web_network_fiber.py:616: error: Incompatible types in assignment (expression has type "float | None", variable has type "float")  [assignment]
app/services/web_network_fiber.py:689: error: Argument 1 to "_snap_to_graph" has incompatible type "float | None"; expected "float"  [arg-type]
app/services/web_network_fiber.py:689: error: Argument 2 to "_snap_to_graph" has incompatible type "float | None"; expected "float"  [arg-type]
app/services/vpn_cache.py:29: error: Incompatible types in assignment (expression has type "None", variable has type Module)  [assignment]
app/services/vpn_cache.py:44: error: Returning Any from function declared to return "int"  [no-any-return]
app/services/vpn_cache.py:44: error: No overload variant of "int" matches argument type "object"  [call-overload]
app/services/vpn_cache.py:44: note: Possible overload variants:
app/services/vpn_cache.py:44: note:     def __new__(cls, str | Buffer | SupportsInt | SupportsIndex | SupportsTrunc = ..., /) -> int
app/services/vpn_cache.py:44: note:     def __new__(cls, str | bytes | bytearray, /, base: SupportsIndex) -> int
app/services/vpn_cache.py:115: error: Incompatible return value type (got "Awaitable[Any] | Any", expected "str | None")  [return-value]
app/services/vpn_cache.py:168: error: Incompatible return value type (got "Awaitable[Any] | Any", expected "int")  [return-value]
app/services/vpn_cache.py:294: error: Returning Any from function declared to return "T"  [no-any-return]
app/services/vpn_cache.py:335: error: Item "Awaitable[Any]" of "Awaitable[Any] | Any" has no attribute "get"  [union-attr]
app/services/scheduler_config.py:87: error: Returning Any from function declared to return "int"  [no-any-return]
app/services/scheduler_config.py:87: error: No overload variant of "int" matches argument type "object"  [call-overload]
app/services/scheduler_config.py:87: note: Possible overload variants:
app/services/scheduler_config.py:87: note:     def __new__(cls, str | Buffer | SupportsInt | SupportsIndex | SupportsTrunc = ..., /) -> int
app/services/scheduler_config.py:87: note:     def __new__(cls, str | bytes | bytearray, /, base: SupportsIndex) -> int
app/services/scheduler_config.py:672: error: Incompatible types in assignment (expression has type "RadiusSyncJob", variable has type "IntegrationJob")  [assignment]
app/services/nextcloud_talk.py:25: error: Argument 1 to "float" has incompatible type "object"; expected "str | Buffer | SupportsFloat | SupportsIndex"  [arg-type]
app/services/network_map.py:63: error: Need type annotation for "splitter_counts" (hint: "splitter_counts: dict[<type>, <type>] = ...")  [var-annotated]
app/services/network_map.py:67: error: Argument 1 to "dict" has incompatible type "list[Row[tuple[UUID | None, int]]]"; expected "Iterable[tuple[Never, Never]]"  [arg-type]
app/services/network_map.py:67: error: Argument 1 to "dict" has incompatible type "list[Row[tuple[UUID | None, int]]]"; expected "Iterable[tuple[Any, Any]]"  [arg-type]
app/services/network_map.py:166: error: Need type annotation for "survey_points" (hint: "survey_points: list[<type>] = ...")  [var-annotated]
app/services/network_map.py:184: error: Unsupported operand types for >= ("int" and "object")  [operator]
app/services/network_map.py:230: error: Argument 1 to "limit" of "Query" has incompatible type "object"; expected "int | ColumnElement[int] | _HasClauseElement[int] | SQLCoreOperations[int] | ExpressionElementRole[int] | TypedColumnsClauseRole[int] | Callable[[], ColumnElement[int]] | LambdaElement | None"  [arg-type]
app/services/metrics_store.py:71: error: Argument 1 to "float" has incompatible type "object"; expected "str | Buffer | SupportsFloat | SupportsIndex"  [arg-type]
app/services/metrics_store.py:253: error: Returning Any from function declared to return "list[dict[str, Any]]"  [no-any-return]
app/services/email.py:262: error: No overload variant of "int" matches argument type "object"  [call-overload]
app/services/email.py:262: note: Possible overload variants:
app/services/email.py:262: note:     def __new__(cls, str | Buffer | SupportsInt | SupportsIndex | SupportsTrunc = ..., /) -> int
app/services/email.py:262: note:     def __new__(cls, str | bytes | bytearray, /, base: SupportsIndex) -> int
app/services/credential_crypto.py:42: error: "type[SettingDomain]" has no attribute "security"  [attr-defined]
app/services/credential_crypto.py:63: error: Returning Any from function declared to return "bytes | None"  [no-any-return]
app/services/credential_crypto.py:63: error: "object" has no attribute "encode"  [attr-defined]
app/services/auth.py:408: error: Unsupported operand types for < ("int" and "Awaitable[Any]")  [operator]
app/services/auth.py:408: note: Left operand is of type "Awaitable[Any] | Any"
app/services/network/_legacy.py:117: error: "type[Splitter]" has no attribute "fdh_cabinet_id"  [attr-defined]
app/services/network/_legacy.py:207: error: "type[SplitterPortAssignment]" has no attribute "is_active"  [attr-defined]
app/services/network/_legacy.py:259: error: "FiberStrand" has no attribute "segment_id"; maybe "segments"?  [attr-defined]
app/services/network/_legacy.py:367: error: "type[FiberSplice]" has no attribute "is_active"  [attr-defined]
app/services/network/_legacy.py:407: error: "type[FiberSpliceTray]" has no attribute "is_active"  [attr-defined]
app/services/network/_legacy.py:446: error: "type[FiberTerminationPoint]" has no attribute "strand_id"  [attr-defined]
app/services/network/_legacy.py:538: error: "type[PonPortSplitterLink]" has no attribute "splitter_id"  [attr-defined]
app/services/network/_legacy.py:541: error: "type[PonPortSplitterLink]" has no attribute "is_active"  [attr-defined]
app/services/web_system_audit.py:36: error: Argument "actor_id" to "list" of "AuditEvents" has incompatible type "UUID | None"; expected "str | None"  [arg-type]
app/services/wireguard_system.py:96: error: Need type annotation for "routes" (hint: "routes: list[<type>] = ...")  [var-annotated]
app/services/wireguard_system.py:437: error: "object" has no attribute "append"  [attr-defined]
app/services/bandwidth.py:108: error: "object" not callable  [operator]
app/services/bandwidth.py:109: error: "object" not callable  [operator]
app/services/bandwidth.py:425: error: Function "app.services.bandwidth.BandwidthSamples.list" is not valid as a type  [valid-type]
app/services/bandwidth.py:425: note: Perhaps you need "Callable[...]" or a callback protocol?
app/services/auth_flow.py:481: error: Argument 2 to "_issue_tokens" of "AuthFlow" has incompatible type "UUID"; expected "str"  [arg-type]
app/services/radius.py:52: error: No overload variant of "int" matches argument type "object"  [call-overload]
app/services/radius.py:52: note: Possible overload variants:
app/services/radius.py:52: note:     def __new__(cls, str | Buffer | SupportsInt | SupportsIndex | SupportsTrunc = ..., /) -> int
app/services/radius.py:52: note:     def __new__(cls, str | bytes | bytearray, /, base: SupportsIndex) -> int
app/services/radius.py:58: error: No overload variant of "int" matches argument type "object"  [call-overload]
app/services/radius.py:58: note: Possible overload variants:
app/services/radius.py:58: note:     def __new__(cls, str | Buffer | SupportsInt | SupportsIndex | SupportsTrunc = ..., /) -> int
app/services/radius.py:58: note:     def __new__(cls, str | bytes | bytearray, /, base: SupportsIndex) -> int
app/services/radius.py:379: error: "type[RadiusUser]" has no attribute "account_id"  [attr-defined]
app/services/radius.py:568: error: Incompatible types in assignment (expression has type "RadiusUser | None", variable has type "RadiusClient | None")  [assignment]
app/services/radius.py:573: error: "RadiusClient" has no attribute "subscription_id"  [attr-defined]
app/services/radius.py:574: error: "RadiusClient" has no attribute "account_id"  [attr-defined]
app/services/radius.py:575: error: "RadiusClient" has no attribute "username"  [attr-defined]
app/services/radius.py:576: error: "RadiusClient" has no attribute "secret_hash"; maybe "shared_secret_hash"?  [attr-defined]
app/services/radius.py:577: error: "RadiusClient" has no attribute "radius_profile_id"  [attr-defined]
app/services/radius.py:579: error: "RadiusClient" has no attribute "last_sync_at"  [attr-defined]
app/services/radius.py:601: error: Incompatible types in assignment (expression has type "str", target has type "int")  [assignment]
app/services/vpn_routing.py:88: error: Need type annotation for "known_subnets" (hint: "known_subnets: list[<type>] = ...")  [var-annotated]
app/services/vpn_routing.py:162: error: Need type annotation for "lan_subnets" (hint: "lan_subnets: list[<type>] = ...")  [var-annotated]
app/services/vpn_routing.py:266: error: Need type annotation for "previous_subnets" (hint: "previous_subnets: list[<type>] = ...")  [var-annotated]
app/services/web_system_user_mutations.py:29: error: Incompatible types in assignment (expression has type "str", variable has type "SQLCoreOperations[SubscriberStatus] | SubscriberStatus")  [assignment]
app/services/web_system_user_mutations.py:88: error: Module has no attribute "person_roles"  [attr-defined]
app/services/web_system_user_edit.py:93: error: Incompatible types in assignment (expression has type "str", variable has type "SQLCoreOperations[SubscriberStatus] | SubscriberStatus")  [assignment]
app/services/web_system_user_edit.py:119: error: Module has no attribute "person_permissions"; maybe "role_permissions" or "permissions"?  [attr-defined]
app/services/web_auth.py:139: error: "AuthFlow" has no attribute "verify_mfa"  [attr-defined]
app/services/web_auth.py:175: error: "AuthFlow" has no attribute "request_password_reset"  [attr-defined]
app/services/auth_dependencies.py:61: error: Incompatible default for argument "request" (default has type "None", argument has type "Request")  [assignment]
app/services/auth_dependencies.py:61: note: PEP 484 prohibits implicit Optional. Accordingly, mypy has changed its default to no_implicit_optional=True
app/services/auth_dependencies.py:61: note: Use https://github.com/hauntsaninja/no_implicit_optional to automatically upgrade your codebase
app/services/auth_dependencies.py:118: error: Incompatible default for argument "request" (default has type "None", argument has type "Request")  [assignment]
app/services/auth_dependencies.py:118: note: PEP 484 prohibits implicit Optional. Accordingly, mypy has changed its default to no_implicit_optional=True
app/services/auth_dependencies.py:118: note: Use https://github.com/hauntsaninja/no_implicit_optional to automatically upgrade your codebase
app/services/enforcement.py:54: error: Argument 1 to "float" has incompatible type "object"; expected "str | Buffer | SupportsFloat | SupportsIndex"  [arg-type]
app/services/enforcement.py:66: error: No overload variant of "int" matches argument type "object"  [call-overload]
app/services/enforcement.py:66: note: Possible overload variants:
app/services/enforcement.py:66: note:     def __new__(cls, str | Buffer | SupportsInt | SupportsIndex | SupportsTrunc = ..., /) -> int
app/services/enforcement.py:66: note:     def __new__(cls, str | bytes | bytearray, /, base: SupportsIndex) -> int
app/services/enforcement.py:144: error: Item "None" of "str | None" has no attribute "encode"  [union-attr]
app/services/web_network_strands.py:14: error: Unexpected keyword argument "upstream_type" for "list" of "FiberStrands"  [call-arg]
app/services/network/_legacy.py:266: note: "list" of "FiberStrands" defined here
app/services/web_network_strands.py:14: error: Unexpected keyword argument "downstream_type" for "list" of "FiberStrands"  [call-arg]
app/services/web_network_strands.py:106: error: Argument "strand_number" to "FiberStrandCreate" has incompatible type "int | None"; expected "int"  [arg-type]
app/services/web_network_strands.py:108: error: Argument "status" to "FiberStrandCreate" has incompatible type "str | None"; expected "FiberStrandStatus"  [arg-type]
app/services/web_network_strands.py:109: error: Argument "upstream_type" to "FiberStrandCreate" has incompatible type "str | None"; expected "FiberEndpointType | None"  [arg-type]
app/services/web_network_strands.py:110: error: Argument "downstream_type" to "FiberStrandCreate" has incompatible type "str | None"; expected "FiberEndpointType | None"  [arg-type]
app/services/web_network_strands.py:125: error: Argument "status" to "FiberStrandUpdate" has incompatible type "str | None"; expected "FiberStrandStatus | None"  [arg-type]
app/services/web_network_strands.py:126: error: Argument "upstream_type" to "FiberStrandUpdate" has incompatible type "str | None"; expected "FiberEndpointType | None"  [arg-type]
app/services/web_network_strands.py:127: error: Argument "downstream_type" to "FiberStrandUpdate" has incompatible type "str | None"; expected "FiberEndpointType | None"  [arg-type]
app/services/web_network_splice_closures.py:93: error: Incompatible types in assignment (expression has type "object", variable has type "SQLCoreOperations[str] | str")  [assignment]
app/services/web_network_splice_closures.py:96: error: Incompatible types in assignment (expression has type "object", variable has type "SQLCoreOperations[str | None] | str | None")  [assignment]
app/services/web_network_splice_closures.py:205: error: Incompatible types in assignment (expression has type "int | None", variable has type "SQLCoreOperations[int] | int")  [assignment]
app/services/web_network_splice_closures.py:316: error: Argument "closure_id" to "FiberSpliceCreate" has incompatible type "str"; expected "UUID | None"  [arg-type]
app/services/web_network_splice_closures.py:317: error: Argument "from_strand_id" to "FiberSpliceCreate" has incompatible type "str"; expected "UUID | None"  [arg-type]
app/services/web_network_splice_closures.py:318: error: Argument "to_strand_id" to "FiberSpliceCreate" has incompatible type "str"; expected "UUID | None"  [arg-type]
app/services/web_network_splice_closures.py:319: error: Argument "tray_id" to "FiberSpliceCreate" has incompatible type "str | None"; expected "UUID | None"  [arg-type]
app/services/web_network_splice_closures.py:324: error: Returning Any from function declared to return "FiberSplice"  [no-any-return]
app/services/web_network_splice_closures.py:333: error: Argument "from_strand_id" to "FiberSpliceUpdate" has incompatible type "str"; expected "UUID | None"  [arg-type]
app/services/web_network_splice_closures.py:334: error: Argument "to_strand_id" to "FiberSpliceUpdate" has incompatible type "str"; expected "UUID | None"  [arg-type]
app/services/web_network_splice_closures.py:335: error: Argument "tray_id" to "FiberSpliceUpdate" has incompatible type "str | None"; expected "UUID | None"  [arg-type]
app/services/web_network_splice_closures.py:340: error: Returning Any from function declared to return "FiberSplice"  [no-any-return]
app/services/web_network_olts.py:61: error: Argument 1 to "OLTDeviceCreate" has incompatible type "**dict[str, object]"; expected "str"  [arg-type]
app/services/web_network_olts.py:61: error: Argument 1 to "OLTDeviceCreate" has incompatible type "**dict[str, object]"; expected "str | None"  [arg-type]
app/services/web_network_olts.py:61: error: Argument 1 to "OLTDeviceCreate" has incompatible type "**dict[str, object]"; expected "bool"  [arg-type]
app/services/web_network_olts.py:66: error: Argument 1 to "OLTDeviceUpdate" has incompatible type "**dict[str, object]"; expected "str | None"  [arg-type]
app/services/web_network_olts.py:66: error: Argument 1 to "OLTDeviceUpdate" has incompatible type "**dict[str, object]"; expected "bool | None"  [arg-type]
app/services/web_network_ip.py:123: error: Argument 1 to "IpBlockCreate" has incompatible type "**dict[str, object]"; expected "UUID"  [arg-type]
app/services/web_network_ip.py:123: error: Argument 1 to "IpBlockCreate" has incompatible type "**dict[str, object]"; expected "str"  [arg-type]
app/services/web_network_ip.py:123: error: Argument 1 to "IpBlockCreate" has incompatible type "**dict[str, object]"; expected "bool"  [arg-type]
app/services/web_network_ip.py:123: error: Argument 1 to "IpBlockCreate" has incompatible type "**dict[str, object]"; expected "str | None"  [arg-type]
app/services/web_network_ip.py:173: error: Argument 1 to "IpPoolCreate" has incompatible type "**dict[str, object]"; expected "str"  [arg-type]
app/services/web_network_ip.py:173: error: Argument 1 to "IpPoolCreate" has incompatible type "**dict[str, object]"; expected "IPVersion"  [arg-type]
app/services/web_network_ip.py:173: error: Argument 1 to "IpPoolCreate" has incompatible type "**dict[str, object]"; expected "str | None"  [arg-type]
app/services/web_network_ip.py:173: error: Argument 1 to "IpPoolCreate" has incompatible type "**dict[str, object]"; expected "bool"  [arg-type]
app/services/web_network_ip.py:190: error: Argument 1 to "IpPoolUpdate" has incompatible type "**dict[str, object]"; expected "str | None"  [arg-type]
app/services/web_network_ip.py:190: error: Argument 1 to "IpPoolUpdate" has incompatible type "**dict[str, object]"; expected "IPVersion | None"  [arg-type]
app/services/web_network_ip.py:190: error: Argument 1 to "IpPoolUpdate" has incompatible type "**dict[str, object]"; expected "bool | None"  [arg-type]
app/services/web_network_core_devices.py:153: error: Incompatible types in assignment (expression has type "int | None", variable has type "int")  [assignment]
app/services/web_network_core_devices.py:257: error: Argument 1 to "_run_snmpwalk" has incompatible type "SimpleNamespace"; expected "NetworkDevice"  [arg-type]
app/services/web_network_core_devices.py:350: error: Incompatible types in assignment (expression has type "object", variable has type "SQLCoreOperations[str] | str")  [assignment]
app/services/web_network_core_devices.py:351: error: Incompatible types in assignment (expression has type "object", variable has type "SQLCoreOperations[str | None] | str | None")  [assignment]
app/services/web_network_core_devices.py:352: error: Incompatible types in assignment (expression has type "object", variable has type "SQLCoreOperations[str | None] | str | None")  [assignment]
app/services/web_network_core_devices.py:353: error: Incompatible types in assignment (expression has type "object", variable has type "SQLCoreOperations[DeviceRole] | DeviceRole")  [assignment]
app/services/web_network_core_devices.py:354: error: Incompatible types in assignment (expression has type "object", variable has type "SQLCoreOperations[UUID | None] | UUID | None")  [assignment]
app/services/web_network_core_devices.py:355: error: Incompatible types in assignment (expression has type "object", variable has type "SQLCoreOperations[str | None] | str | None")  [assignment]
app/services/web_network_core_devices.py:356: error: Incompatible types in assignment (expression has type "object", variable has type "SQLCoreOperations[str | None] | str | None")  [assignment]
app/services/web_network_core_devices.py:357: error: Incompatible types in assignment (expression has type "object", variable has type "SQLCoreOperations[str | None] | str | None")  [assignment]
app/services/web_network_core_devices.py:358: error: Incompatible types in assignment (expression has type "object", variable has type "SQLCoreOperations[DeviceType | None] | DeviceType | None")  [assignment]
app/services/web_network_core_devices.py:361: error: Incompatible types in assignment (expression has type "object", variable has type "SQLCoreOperations[int | None] | int | None")  [assignment]
app/services/web_network_core_devices.py:362: error: Incompatible types in assignment (expression has type "object", variable has type "SQLCoreOperations[str | None] | str | None")  [assignment]
app/services/web_network_core_devices.py:363: error: Incompatible types in assignment (expression has type "object", variable has type "SQLCoreOperations[str | None] | str | None")  [assignment]
app/services/web_network_core_devices.py:364: error: Incompatible types in assignment (expression has type "object", variable has type "SQLCoreOperations[str | None] | str | None")  [assignment]
app/services/web_network_core_devices.py:365: error: Incompatible types in assignment (expression has type "object", variable has type "SQLCoreOperations[str | None] | str | None")  [assignment]
app/services/web_network_core_devices.py:366: error: Incompatible types in assignment (expression has type "object", variable has type "SQLCoreOperations[str | None] | str | None")  [assignment]
app/services/web_network_core_devices.py:367: error: Incompatible types in assignment (expression has type "object", variable has type "SQLCoreOperations[str | None] | str | None")  [assignment]
app/services/web_network_core_devices.py:368: error: Incompatible types in assignment (expression has type "object", variable has type "SQLCoreOperations[str | None] | str | None")  [assignment]
app/services/web_network_core_devices.py:369: error: Incompatible types in assignment (expression has type "object", variable has type "SQLCoreOperations[str | None] | str | None")  [assignment]
app/services/web_network_core_devices.py:888: error: Generator has incompatible item type "int"; expected "bool"  [misc]
app/services/web_network_core_devices.py:889: error: Generator has incompatible item type "int"; expected "bool"  [misc]
app/services/web_network_core_devices.py:890: error: Generator has incompatible item type "int"; expected "bool"  [misc]
app/services/web_network_core_devices.py:891: error: Generator has incompatible item type "int"; expected "bool"  [misc]
app/services/web_network_core_devices.py:892: error: Generator has incompatible item type "int"; expected "bool"  [misc]
app/tasks/wireguard.py:31: error: Returning Any from function declared to return "int"  [no-any-return]
app/tasks/wireguard.py:31: error: No overload variant of "int" matches argument type "object"  [call-overload]
app/tasks/wireguard.py:31: note: Possible overload variants:
app/tasks/wireguard.py:31: note:     def __new__(cls, str | Buffer | SupportsInt | SupportsIndex | SupportsTrunc = ..., /) -> int
app/tasks/wireguard.py:31: note:     def __new__(cls, str | bytes | bytearray, /, base: SupportsIndex) -> int
app/services/web_vpn_servers.py:719: error: Unused "type: ignore" comment  [unused-ignore]
app/services/web_vpn_servers.py:720: error: Unused "type: ignore" comment  [unused-ignore]
app/services/web_vpn_servers.py:720: error: "object" has no attribute "__iter__"; maybe "__dir__" or "__str__"? (not iterable)  [attr-defined]
app/services/web_vpn_servers.py:720: note: Error code "attr-defined" not covered by "type: ignore" comment
app/services/web_vpn_servers.py:721: error: Unused "type: ignore" comment  [unused-ignore]
app/services/web_vpn_servers.py:740: error: Incompatible types in assignment (expression has type "object", variable has type "SQLCoreOperations[int] | int")  [assignment]
app/services/web_vpn_servers.py:741: error: Incompatible types in assignment (expression has type "object", variable has type "SQLCoreOperations[int] | int")  [assignment]
app/api/wireguard.py:143: error: Unexpected keyword argument "nas_device_id" for "list" of "WireGuardPeerService"  [call-arg]
app/services/wireguard.py:542: note: "list" of "WireGuardPeerService" defined here
tests/playwright/helpers/data.py:92: error: Returning Any from function declared to return "dict[str, Any]"  [no-any-return]
tests/playwright/helpers/data.py:118: error: Returning Any from function declared to return "dict[str, Any]"  [no-any-return]
tests/playwright/helpers/data.py:145: error: Returning Any from function declared to return "dict[str, Any]"  [no-any-return]
tests/playwright/helpers/data.py:169: error: Returning Any from function declared to return "dict[str, Any]"  [no-any-return]
tests/playwright/helpers/data.py:193: error: Returning Any from function declared to return "dict[str, Any]"  [no-any-return]
tests/test_auth_dependencies.py:14: error: Module "app.models.rbac" has no attribute "PersonRole"  [attr-defined]
app/api/auth_flow.py:62: error: Returning Any from function declared to return "LoginResponse"  [no-any-return]
app/api/auth_flow.py:63: error: Argument 5 to "login_response" of "AuthFlow" has incompatible type "AuthProvider | None"; expected "str | None"  [arg-type]
app/api/auth_flow.py:79: error: Returning Any from function declared to return "MfaSetupResponse"  [no-any-return]
app/api/auth_flow.py:100: error: Returning Any from function declared to return "MFAMethodRead"  [no-any-return]
app/api/auth_flow.py:119: error: Returning Any from function declared to return "TokenResponse"  [no-any-return]
app/api/auth_flow.py:137: error: Returning Any from function declared to return "TokenResponse"  [no-any-return]
app/api/auth_flow.py:155: error: Returning Any from function declared to return "LogoutResponse"  [no-any-return]
app/services/web_vpn_peers.py:244: error: "object" has no attribute "id"  [attr-defined]
app/services/web_vpn_peers.py:252: error: "object" has no attribute "id"  [attr-defined]
app/services/web_vpn_peers.py:254: error: "object" has no attribute "name"  [attr-defined]
app/services/events/dispatcher.py:31: note: By default the bodies of untyped functions are not checked, consider using --check-untyped-defs  [annotation-unchecked]
app/services/events/dispatcher.py:76: error: Incompatible types in assignment (expression has type "None", variable has type "EventStore")  [assignment]
app/services/events/dispatcher.py:99: error: Incompatible types in assignment (expression has type "list[dict[Any, Any]]", variable has type "SQLCoreOperations[dict[Any, Any] | None] | dict[Any, Any] | None")  [assignment]
app/services/provisioning.py:300: error: Item "None" of "IpPool | None" has no attribute "gateway"  [union-attr]
app/services/provisioning.py:303: error: Item "None" of "IpPool | None" has no attribute "dns_primary"  [union-attr]
app/services/provisioning.py:306: error: Item "None" of "IpPool | None" has no attribute "dns_secondary"  [union-attr]
app/services/provisioning.py:582: error: "ServiceOrder" has no attribute "requested_by_contact_id"  [attr-defined]
app/services/provisioning.py:610: error: Argument 4 to "emit_event" has incompatible type "**dict[str, UUID | None]"; expected "str | None"  [arg-type]
app/services/provisioning.py:612: error: Argument 4 to "emit_event" has incompatible type "**dict[str, UUID | None]"; expected "str | None"  [arg-type]
app/services/provisioning.py:1092: error: Name "error_message" already defined on line 1055  [no-redef]
tests/playwright/conftest.py:50: error: Incompatible types in assignment (expression has type "list[str]", target has type "int")  [assignment]
tests/playwright/conftest.py:281: error: "dict[str, str]" has no attribute "get_all"  [attr-defined]
app/api/bandwidth.py:184: error: "list?[builtins.dict[Any, Any]]" has no attribute "__iter__" (not iterable)  [attr-defined]
app/services/web_admin.py:47: error: Unexpected keyword argument "account_id" for "list" of "ServiceOrders"  [call-arg]
app/services/provisioning.py:540: note: "list" of "ServiceOrders" defined here
app/services/collections/_core.py:182: error: "Subscriber" has no attribute "grace_period"; maybe "grace_period_days"?  [attr-defined]
app/services/collections/_core.py:183: error: "Subscriber" has no attribute "grace_period"; maybe "grace_period_days"?  [attr-defined]
app/services/collections/_core.py:1340: error: No overload variant of "int" matches argument type "object"  [call-overload]
app/services/collections/_core.py:1340: note: Possible overload variants:
app/services/collections/_core.py:1340: note:     def __new__(cls, str | Buffer | SupportsInt | SupportsIndex | SupportsTrunc = ..., /) -> int
app/services/collections/_core.py:1340: note:     def __new__(cls, str | bytes | bytearray, /, base: SupportsIndex) -> int
app/services/collections/_core.py:1344: error: No overload variant of "int" matches argument type "object"  [call-overload]
app/services/collections/_core.py:1344: note: Possible overload variants:
app/services/collections/_core.py:1344: note:     def __new__(cls, str | Buffer | SupportsInt | SupportsIndex | SupportsTrunc = ..., /) -> int
app/services/collections/_core.py:1344: note:     def __new__(cls, str | bytes | bytearray, /, base: SupportsIndex) -> int
app/services/collections/_core.py:1455: error: "Subscriber" has no attribute "grace_period"; maybe "grace_period_days"?  [attr-defined]
app/services/billing/invoices.py:192: error: Argument 4 to "emit_event" has incompatible type "**dict[str, UUID]"; expected "str | None"  [arg-type]
app/services/billing/invoices.py:194: error: Argument 4 to "emit_event" has incompatible type "**dict[str, UUID]"; expected "str | None"  [arg-type]
app/services/billing/invoices.py:196: error: Argument 4 to "emit_event" has incompatible type "**dict[str, UUID]"; expected "str | None"  [arg-type]
app/services/web_subscriber_forms.py:48: error: Returning Any from function declared to return "UUID | None"  [no-any-return]
app/services/web_subscriber_forms.py:143: error: Item "None" of "str | None" has no attribute "strip"  [union-attr]
app/services/web_subscriber_forms.py:144: error: Argument 1 to "hash_password" has incompatible type "str | None"; expected "str"  [arg-type]
app/services/web_billing_customers.py:40: error: Returning Any from function declared to return "str | None"  [no-any-return]
app/services/web_billing_customers.py:138: error: Returning Any from function declared to return "str"  [no-any-return]
app/services/web_admin_resellers.py:52: error: Returning Any from function declared to return "Subscriber"  [no-any-return]
app/services/web_admin_resellers.py:131: error: Argument 1 to "get" of "dict" has incompatible type "UUID | None"; expected "UUID"  [arg-type]
app/services/web_admin_resellers.py:131: note: Error code "arg-type" not covered by "type: ignore" comment
app/services/web_admin_resellers.py:137: error: Returning Any from function declared to return "list[Subscriber]"  [no-any-return]
app/services/imports.py:30: error: Argument 1 to "int" has incompatible type "str | dict[Any, Any]"; expected "str | Buffer | SupportsInt | SupportsIndex | SupportsTrunc"  [arg-type]
app/services/web_subscriber_actions.py:20: error: Argument "subscriber_id" to "get" of "Subscribers" has incompatible type "UUID"; expected "str"  [arg-type]
app/services/web_subscriber_actions.py:26: error: Argument "subscriber_id" to "get" of "Subscribers" has incompatible type "UUID"; expected "str"  [arg-type]
app/services/web_subscriber_actions.py:56: error: Argument "person_uuid" to "create_subscriber_with_optional_login" has incompatible type "UUID | None"; expected "UUID"  [arg-type]
app/services/web_subscriber_actions.py:107: error: Argument "subscriber_id" to "get" of "Subscribers" has incompatible type "UUID"; expected "str"  [arg-type]
app/services/web_subscriber_actions.py:125: error: Argument "subscriber_id" to "update" of "Subscribers" has incompatible type "UUID"; expected "str"  [arg-type]
app/services/web_subscriber_actions.py:128: error: Argument "subscriber_id" to "get" of "Subscribers" has incompatible type "UUID"; expected "str"  [arg-type]
app/services/web_subscriber_actions.py:133: error: Argument "subscriber_id" to "get" of "Subscribers" has incompatible type "UUID"; expected "str"  [arg-type]
app/imports/cli.py:21: error: Argument "index" to "ImportError" has incompatible type "str | int"; expected "int"  [arg-type]
app/services/billing/payments.py:550: error: Incompatible types in assignment (expression has type "list[PaymentAllocation]", variable has type "list[PaymentAllocationCreate]")  [assignment]
app/services/billing/payments.py:742: error: Argument 4 to "emit_event" has incompatible type "**dict[str, UUID | str | None]"; expected "str | None"  [arg-type]
app/services/billing/payments.py:744: error: Argument 4 to "emit_event" has incompatible type "**dict[str, UUID | str | None]"; expected "str | None"  [arg-type]
app/services/billing/payments.py:746: error: Argument 4 to "emit_event" has incompatible type "**dict[str, UUID | str | None]"; expected "str | None"  [arg-type]
app/services/billing/payments.py:980: error: Argument 1 to "filter" of "Query" has incompatible type "bool | Any"; expected "ColumnElement[bool] | _HasClauseElement[bool] | SQLCoreOperations[bool] | ExpressionElementRole[bool] | TypedColumnsClauseRole[bool] | Callable[[], ColumnElement[bool]] | LambdaElement"  [arg-type]
app/services/billing/payments.py:980: error: Item "None" of "PaymentChannel | None" has no attribute "id"  [union-attr]
app/services/billing/reporting.py:147: error: Need type annotation for "buckets"  [var-annotated]
app/services/web_reports.py:581: error: "object" has no attribute "person"  [attr-defined]
app/services/web_reports.py:582: error: "object" has no attribute "person"  [attr-defined]
app/services/web_reports.py:583: error: "object" has no attribute "id"  [attr-defined]
app/services/web_reports.py:633: error: "object" has no attribute "person"  [attr-defined]
app/services/web_reports.py:634: error: "object" has no attribute "person"  [attr-defined]
app/services/web_reports.py:635: error: "object" has no attribute "id"  [attr-defined]
app/services/web_integrations.py:175: error: Unsupported target for indexed assignment ("object")  [index]
app/services/web_integrations.py:175: error: "object" has no attribute "get"  [attr-defined]
app/services/web_integrations.py:212: error: Argument "connector_type" to "ConnectorConfigCreate" has incompatible type "str"; expected "ConnectorType"  [arg-type]
app/services/web_integrations.py:213: error: Argument "auth_type" to "ConnectorConfigCreate" has incompatible type "str"; expected "ConnectorAuthType"  [arg-type]
app/services/web_integrations.py:238: error: Unsupported target for indexed assignment ("object")  [index]
app/services/web_integrations.py:238: error: "object" has no attribute "get"  [attr-defined]
app/services/web_integrations.py:268: error: Argument "target_type" to "IntegrationTargetCreate" has incompatible type "str"; expected "IntegrationTargetType"  [arg-type]
app/services/web_integrations.py:338: error: Argument "target_id" to "IntegrationJobCreate" has incompatible type "UUID | None"; expected "UUID"  [arg-type]
app/services/web_integrations.py:340: error: Argument "job_type" to "IntegrationJobCreate" has incompatible type "str"; expected "IntegrationJobType"  [arg-type]
app/services/web_integrations.py:341: error: Argument "schedule_type" to "IntegrationJobCreate" has incompatible type "str"; expected "IntegrationScheduleType"  [arg-type]
app/services/web_integrations.py:414: error: Argument "event_type" to "WebhookSubscriptionCreate" has incompatible type "str"; expected "WebhookEventType"  [arg-type]
app/services/web_integrations.py:533: error: Argument "provider_type" to "PaymentProviderCreate" has incompatible type "str"; expected "PaymentProviderType"  [arg-type]
app/services/web_integrations.py:563: error: Unsupported target for indexed assignment ("object")  [index]
app/services/web_integrations.py:563: error: "object" has no attribute "get"  [attr-defined]
app/services/web_billing_payment_forms.py:23: error: Returning Any from function declared to return "str"  [no-any-return]
app/services/web_billing_payment_forms.py:31: error: Item "None" of "Any | None" has no attribute "value"  [union-attr]
app/services/web_billing_payment_forms.py:240: error: "object" has no attribute "account_number"  [attr-defined]
app/services/web_billing_payment_forms.py:241: error: "object" has no attribute "id"  [attr-defined]
app/services/web_billing_overview.py:100: error: Argument "account_id" to "list" of "Invoices" has incompatible type "UUID | None"; expected "str | None"  [arg-type]
app/services/web_billing_overview.py:149: error: Need type annotation for "buckets"  [var-annotated]
app/services/web_billing_overview.py:152: error: Item "None" of "Any | None" has no attribute "value"  [union-attr]
app/services/web_billing_invoices.py:95: error: Argument "description" to "InvoiceLineCreate" has incompatible type "object"; expected "str"  [arg-type]
app/services/web_billing_invoices.py:96: error: Argument "quantity" to "InvoiceLineCreate" has incompatible type "object"; expected "Decimal"  [arg-type]
app/services/web_billing_invoices.py:97: error: Argument "unit_price" to "InvoiceLineCreate" has incompatible type "object"; expected "Decimal"  [arg-type]
app/services/web_billing_invoices.py:98: error: Argument "tax_rate_id" to "InvoiceLineCreate" has incompatible type "object"; expected "UUID | None"  [arg-type]
app/services/web_billing_invoices.py:110: error: Argument "status" to "InvoiceUpdate" has incompatible type "str"; expected "InvoiceStatus | None"  [arg-type]
app/services/web_billing_invoices.py:125: error: Unexpected keyword argument "template_name" for "send_email"  [call-arg]
app/services/email.py:154: note: "send_email" defined here
app/services/web_billing_invoices.py:125: error: Unexpected keyword argument "context" for "send_email"  [call-arg]
app/services/web_billing_accounts.py:109: error: Argument "status" to "SubscriberUpdate" has incompatible type "str | None"; expected "SubscriberStatus | None"  [arg-type]
app/services/web_admin_dashboard.py:83: error: Argument 2 to "evaluate_health" has incompatible type "dict[str, float | None]"; expected "dict[str, float]"  [arg-type]
app/services/web_admin_dashboard.py:340: error: Argument 2 to "evaluate_health" has incompatible type "dict[str, float | None]"; expected "dict[str, float]"  [arg-type]
app/services/usage.py:68: error: Returning Any from function declared to return "UsageAllowance | None"  [no-any-return]
app/services/usage.py:70: error: Returning Any from function declared to return "UsageAllowance | None"  [no-any-return]
app/services/usage.py:145: error: Argument 1 to "_parse_warning_thresholds" has incompatible type "object"; expected "str | None"  [arg-type]
app/services/usage.py:565: error: Function "app.services.usage.UsageCharges.list" is not valid as a type  [valid-type]
app/services/usage.py:565: note: Perhaps you need "Callable[...]" or a callback protocol?
app/services/usage.py:568: error: "list?[builtins.str]" has no attribute "__iter__" (not iterable)  [attr-defined]
app/services/billing_automation.py:89: error: Incompatible types in assignment (expression has type "OfferPrice | None", variable has type "OfferVersionPrice | None")  [assignment]
app/services/billing_automation.py:208: error: Item "None" of "Any | None" has no attribute "isoformat"  [union-attr]
app/services/billing_automation.py:255: error: No overload variant of "int" matches argument type "object"  [call-overload]
app/services/billing_automation.py:255: note: Possible overload variants:
app/services/billing_automation.py:255: note:     def __new__(cls, str | Buffer | SupportsInt | SupportsIndex | SupportsTrunc = ..., /) -> int
app/services/billing_automation.py:255: note:     def __new__(cls, str | bytes | bytearray, /, base: SupportsIndex) -> int
app/services/billing_automation.py:328: error: Incompatible types in assignment (expression has type "datetime | None", variable has type "datetime")  [assignment]
app/services/billing_automation.py:577: error: No overload variant of "int" matches argument type "object"  [call-overload]
app/services/billing_automation.py:577: note: Possible overload variants:
app/services/billing_automation.py:577: note:     def __new__(cls, str | Buffer | SupportsInt | SupportsIndex | SupportsTrunc = ..., /) -> int
app/services/billing_automation.py:577: note:     def __new__(cls, str | bytes | bytearray, /, base: SupportsIndex) -> int
app/services/billing_automation.py:681: error: Exception must be derived from BaseException  [misc]
app/services/billing/configuration.py:31: error: Returning Any from function declared to return "dict[Any, Any] | None"  [no-any-return]
app/services/web_billing_payments.py:104: error: Returning Any from function declared to return "UUID | None"  [no-any-return]
app/services/web_billing_payments.py:190: error: Argument "status" to "PaymentCreate" has incompatible type "str"; expected "PaymentStatus"  [arg-type]
app/services/web_billing_payments.py:211: error: Argument "status" to "PaymentUpdate" has incompatible type "str"; expected "PaymentStatus | None"  [arg-type]
app/services/web_billing_payments.py:305: error: Argument "status" to "PaymentCreate" has incompatible type "str"; expected "PaymentStatus"  [arg-type]
app/services/web_billing_invoice_forms.py:73: error: Argument "days" to "timedelta" has incompatible type "object"; expected "float"  [arg-type]
app/api/domains.py:1327: error: "SplitterPorts" has no attribute "utilization"  [attr-defined]
app/api/domains.py:1764: error: "FiberSplices" has no attribute "trace_response"  [attr-defined]
app/api/domains.py:2144: error: Argument 2 to "bulk_acknowledge_response" of "Alerts" has incompatible type "list[UUID]"; expected "list[str]"  [arg-type]
app/api/domains.py:2144: error: Argument 3 to "bulk_acknowledge_response" of "Alerts" has incompatible type "AlertBulkAcknowledgeRequest"; expected "AlertAcknowledgeRequest"  [arg-type]
app/api/domains.py:2158: error: Argument 2 to "bulk_resolve_response" of "Alerts" has incompatible type "list[UUID]"; expected "list[str]"  [arg-type]
app/api/domains.py:2158: error: Argument 3 to "bulk_resolve_response" of "Alerts" has incompatible type "AlertBulkResolveRequest"; expected "AlertResolveRequest"  [arg-type]
app/services/web_billing_invoice_batch.py:40: error: Unexpected keyword argument "run_date" for "run_invoice_cycle"; did you mean "run_at"?  [call-arg]
app/services/billing_automation.py:232: note: "run_invoice_cycle" defined here
app/services/catalog/subscriptions.py:65: error: Incompatible types in assignment (expression has type "OfferPrice | None", variable has type "OfferVersionPrice | None")  [assignment]
app/services/catalog/subscriptions.py:175: error: Argument 4 to "emit_event" has incompatible type "**dict[str, UUID]"; expected "str | None"  [arg-type]
app/services/catalog/subscriptions.py:177: error: Argument 4 to "emit_event" has incompatible type "**dict[str, UUID]"; expected "str | None"  [arg-type]
app/services/catalog/subscriptions.py:185: error: Argument 4 to "emit_event" has incompatible type "**dict[str, UUID]"; expected "str | None"  [arg-type]
app/services/catalog/subscriptions.py:187: error: Argument 4 to "emit_event" has incompatible type "**dict[str, UUID]"; expected "str | None"  [arg-type]
app/tasks/__init__.py:21: error: Module "app.tasks.workflow" has no attribute "detect_sla_breaches"  [attr-defined]
tests/conftest.py:28: error: Invalid signature "Callable[[Any], Any]" for "__getattr__"  [misc]
tests/conftest.py:98: error: Cannot assign to a method  [method-assign]
tests/conftest.py:99: error: Cannot assign to a method  [method-assign]
app/web_domains.py:77: error: Unexpected keyword argument "account_id" for "list" of "ServiceOrders"  [call-arg]
app/services/provisioning.py:540: note: "list" of "ServiceOrders" defined here
app/web_domains.py:202: error: Missing positional argument "subscriber_type" in call to "list" of "Subscribers"  [call-arg]
app/services/web_subscriber_details.py:85: error: Argument 3 to "_haversine_distance" has incompatible type "float | None"; expected "float"  [arg-type]
app/services/web_subscriber_details.py:86: error: Argument 4 to "_haversine_distance" has incompatible type "float | None"; expected "float"  [arg-type]
app/services/web_subscriber_details.py:113: error: Argument 3 to "_haversine_distance" has incompatible type "float | None"; expected "float"  [arg-type]
app/services/web_subscriber_details.py:114: error: Argument 4 to "_haversine_distance" has incompatible type "float | None"; expected "float"  [arg-type]
app/services/web_network_radius.py:19: error: Returning Any from function declared to return "list[RadiusServer]"  [no-any-return]
app/services/web_network_radius.py:149: error: Argument 1 to "RadiusClientUpdate" has incompatible type "**dict[str, object]"; expected "UUID | None"  [arg-type]
app/services/web_network_radius.py:149: error: Argument 1 to "RadiusClientUpdate" has incompatible type "**dict[str, object]"; expected "str | None"  [arg-type]
app/services/web_network_radius.py:149: error: Argument 1 to "RadiusClientUpdate" has incompatible type "**dict[str, object]"; expected "bool | None"  [arg-type]
app/services/web_network_radius.py:274: error: Argument 1 to "RadiusProfileCreate" has incompatible type "**dict[str, object]"; expected "str"  [arg-type]
app/services/web_network_radius.py:274: error: Argument 1 to "RadiusProfileCreate" has incompatible type "**dict[str, object]"; expected "str | None"  [arg-type]
app/services/web_network_radius.py:274: error: Argument 1 to "RadiusProfileCreate" has incompatible type "**dict[str, object]"; expected "NasVendor"  [arg-type]
app/services/web_network_radius.py:274: error: Argument 1 to "RadiusProfileCreate" has incompatible type "**dict[str, object]"; expected "ConnectionType | None"  [arg-type]
app/services/web_network_radius.py:274: error: Argument 1 to "RadiusProfileCreate" has incompatible type "**dict[str, object]"; expected "int | None"  [arg-type]
app/services/web_network_radius.py:274: error: Argument 1 to "RadiusProfileCreate" has incompatible type "**dict[str, object]"; expected "bool"  [arg-type]
app/services/web_network_radius.py:308: error: Argument 1 to "RadiusProfileUpdate" has incompatible type "**dict[str, object]"; expected "str | None"  [arg-type]
app/services/web_network_radius.py:308: error: Argument 1 to "RadiusProfileUpdate" has incompatible type "**dict[str, object]"; expected "NasVendor | None"  [arg-type]
app/services/web_network_radius.py:308: error: Argument 1 to "RadiusProfileUpdate" has incompatible type "**dict[str, object]"; expected "ConnectionType | None"  [arg-type]
app/services/web_network_radius.py:308: error: Argument 1 to "RadiusProfileUpdate" has incompatible type "**dict[str, object]"; expected "int | None"  [arg-type]
app/services/web_network_radius.py:308: error: Argument 1 to "RadiusProfileUpdate" has incompatible type "**dict[str, object]"; expected "bool | None"  [arg-type]
app/services/web_network_radius.py:333: error: Argument "server_id" to "RadiusClientCreate" has incompatible type "object"; expected "UUID"  [arg-type]
app/services/web_network_radius.py:334: error: Argument "client_ip" to "RadiusClientCreate" has incompatible type "object"; expected "str"  [arg-type]
app/services/web_network_ont_assignments.py:46: error: Unexpected keyword argument "account_id" for "list" of "Addresses"  [call-arg]
app/services/subscriber.py:421: note: "list" of "Addresses" defined here
app/services/web_network_ont_assignments.py:80: error: Unexpected keyword argument "subscriber_id" for "list" of "OntAssignments"  [call-arg]
app/services/network/olt.py:228: note: "list" of "OntAssignments" defined here
app/services/web_network_ont_assignments.py:80: error: Unexpected keyword argument "subscription_id" for "list" of "OntAssignments"  [call-arg]
app/services/web_network_ont_assignments.py:80: error: Unexpected keyword argument "active" for "list" of "OntAssignments"  [call-arg]
app/services/web_network_ont_assignments.py:97: error: Unexpected keyword argument "account_id" for "OntAssignmentCreate"  [call-arg]
app/services/web_network_ont_assignments.py:99: error: Argument "pon_port_id" to "OntAssignmentCreate" has incompatible type "object"; expected "UUID"  [arg-type]
app/services/web_network_ont_assignments.py:101: error: Argument "subscription_id" to "OntAssignmentCreate" has incompatible type "object"; expected "UUID | None"  [arg-type]
app/services/web_network_ont_assignments.py:102: error: Argument "service_address_id" to "OntAssignmentCreate" has incompatible type "object"; expected "UUID | None"  [arg-type]
app/services/web_network_ont_assignments.py:105: error: Argument "notes" to "OntAssignmentCreate" has incompatible type "object"; expected "str | None"  [arg-type]
app/services/web_network_fdh.py:112: error: Incompatible types in assignment (expression has type "object", variable has type "SQLCoreOperations[str] | str")  [assignment]
app/services/web_network_fdh.py:113: error: Incompatible types in assignment (expression has type "object", variable has type "SQLCoreOperations[str | None] | str | None")  [assignment]
app/services/web_network_fdh.py:114: error: Incompatible types in assignment (expression has type "object", variable has type "SQLCoreOperations[UUID | None] | UUID | None")  [assignment]
app/services/web_network_fdh.py:117: error: Incompatible types in assignment (expression has type "object", variable has type "SQLCoreOperations[str | None] | str | None")  [assignment]
app/services/web_network_fdh.py:252: error: Incompatible types in assignment (expression has type "object", variable has type "SQLCoreOperations[str] | str")  [assignment]
app/services/web_network_fdh.py:253: error: Incompatible types in assignment (expression has type "object", variable has type "SQLCoreOperations[UUID | None] | UUID | None")  [assignment]
app/services/web_network_fdh.py:254: error: Incompatible types in assignment (expression has type "object", variable has type "SQLCoreOperations[str | None] | str | None")  [assignment]
app/services/web_network_fdh.py:257: error: Incompatible types in assignment (expression has type "object", variable has type "SQLCoreOperations[str | None] | str | None")  [assignment]
app/services/web_customer_details.py:321: error: Need type annotation for "contacts" (hint: "contacts: list[<type>] = ...")  [var-annotated]
app/services/web_customer_details.py:450: error: Need type annotation for "contacts" (hint: "contacts: list[<type>] = ...")  [var-annotated]
app/services/web_catalog_subscriptions.py:77: error: Item "UploadFile" of "UploadFile | str" has no attribute "strip"  [union-attr]
app/services/web_catalog_subscriptions.py:78: error: Item "UploadFile" of "UploadFile | str" has no attribute "strip"  [union-attr]
app/services/web_catalog_subscriptions.py:79: error: Item "UploadFile" of "UploadFile | str" has no attribute "strip"  [union-attr]
app/services/web_catalog_subscriptions.py:80: error: Item "UploadFile" of "UploadFile | str" has no attribute "strip"  [union-attr]
app/services/web_catalog_subscriptions.py:81: error: Item "UploadFile" of "UploadFile | str" has no attribute "strip"  [union-attr]
app/services/web_catalog_subscriptions.py:82: error: Item "UploadFile" of "UploadFile | str" has no attribute "strip"  [union-attr]
app/services/web_catalog_subscriptions.py:83: error: Item "UploadFile" of "UploadFile | str" has no attribute "strip"  [union-attr]
app/services/web_catalog_subscriptions.py:84: error: Item "UploadFile" of "UploadFile | str" has no attribute "strip"  [union-attr]
app/services/web_catalog_subscriptions.py:85: error: Item "UploadFile" of "UploadFile | str" has no attribute "strip"  [union-attr]
app/services/web_catalog_subscriptions.py:86: error: Item "UploadFile" of "UploadFile | str" has no attribute "strip"  [union-attr]
app/services/web_catalog_subscriptions.py:87: error: Item "UploadFile" of "UploadFile | str" has no attribute "strip"  [union-attr]
app/services/web_catalog_subscriptions.py:88: error: Item "UploadFile" of "UploadFile | str" has no attribute "strip"  [union-attr]
app/services/web_catalog_subscriptions.py:89: error: Item "UploadFile" of "UploadFile | str" has no attribute "strip"  [union-attr]
app/services/web_catalog_subscriptions.py:90: error: Item "UploadFile" of "UploadFile | str" has no attribute "strip"  [union-attr]
app/services/web_catalog_subscriptions.py:91: error: Item "UploadFile" of "UploadFile | str" has no attribute "strip"  [union-attr]
app/services/web_catalog_subscriptions.py:92: error: Item "UploadFile" of "UploadFile | str" has no attribute "strip"  [union-attr]
app/services/web_catalog_subscriptions.py:93: error: Item "UploadFile" of "UploadFile | str" has no attribute "strip"  [union-attr]
app/services/web_catalog_subscriptions.py:95: error: Item "UploadFile" of "UploadFile | str" has no attribute "strip"  [union-attr]
app/services/web_catalog_subscriptions.py:96: error: Item "UploadFile" of "UploadFile | str" has no attribute "strip"  [union-attr]
app/services/web_catalog_subscriptions.py:97: error: Item "UploadFile" of "UploadFile | str" has no attribute "strip"  [union-attr]
app/services/web_catalog_subscriptions.py:98: error: Item "UploadFile" of "UploadFile | str" has no attribute "strip"  [union-attr]
app/services/web_catalog_subscriptions.py:99: error: Item "UploadFile" of "UploadFile | str" has no attribute "strip"  [union-attr]
app/services/web_catalog_subscriptions.py:100: error: Item "UploadFile" of "UploadFile | str" has no attribute "strip"  [union-attr]
app/services/web_catalog_subscriptions.py:101: error: Item "UploadFile" of "UploadFile | str" has no attribute "strip"  [union-attr]
app/services/web_catalog_subscriptions.py:102: error: Item "UploadFile" of "UploadFile | str" has no attribute "strip"  [union-attr]
app/services/web_catalog_subscriptions.py:103: error: Item "UploadFile" of "UploadFile | str" has no attribute "strip"  [union-attr]
app/services/web_catalog_subscriptions.py:212: error: Argument 1 to "SubscriptionCreate" has incompatible type "**dict[str, object]"; expected "UUID"  [arg-type]
app/services/web_catalog_subscriptions.py:212: error: Argument 1 to "SubscriptionCreate" has incompatible type "**dict[str, object]"; expected "UUID | None"  [arg-type]
app/services/web_catalog_subscriptions.py:212: error: Argument 1 to "SubscriptionCreate" has incompatible type "**dict[str, object]"; expected "SubscriptionStatus"  [arg-type]
app/services/web_catalog_subscriptions.py:212: error: Argument 1 to "SubscriptionCreate" has incompatible type "**dict[str, object]"; expected "BillingMode"  [arg-type]
app/services/web_catalog_subscriptions.py:212: error: Argument 1 to "SubscriptionCreate" has incompatible type "**dict[str, object]"; expected "ContractTerm"  [arg-type]
app/services/web_catalog_subscriptions.py:212: error: Argument 1 to "SubscriptionCreate" has incompatible type "**dict[str, object]"; expected "datetime | None"  [arg-type]
app/services/web_catalog_subscriptions.py:212: error: Argument 1 to "SubscriptionCreate" has incompatible type "**dict[str, object]"; expected "str | None"  [arg-type]
app/services/web_catalog_subscriptions.py:212: error: Argument 1 to "SubscriptionCreate" has incompatible type "**dict[str, object]"; expected "int | None"  [arg-type]
app/services/web_catalog_subscriptions.py:212: error: Argument 1 to "SubscriptionCreate" has incompatible type "**dict[str, object]"; expected "Decimal | None"  [arg-type]
app/services/web_catalog_subscriptions.py:212: error: Argument 1 to "SubscriptionCreate" has incompatible type "**dict[str, object]"; expected "bool"  [arg-type]
app/services/web_catalog_subscriptions.py:220: error: Argument 1 to "SubscriptionUpdate" has incompatible type "**dict[str, object]"; expected "UUID | None"  [arg-type]
app/services/web_catalog_subscriptions.py:220: error: Argument 1 to "SubscriptionUpdate" has incompatible type "**dict[str, object]"; expected "SubscriptionStatus | None"  [arg-type]
app/services/web_catalog_subscriptions.py:220: error: Argument 1 to "SubscriptionUpdate" has incompatible type "**dict[str, object]"; expected "BillingMode | None"  [arg-type]
app/services/web_catalog_subscriptions.py:220: error: Argument 1 to "SubscriptionUpdate" has incompatible type "**dict[str, object]"; expected "ContractTerm | None"  [arg-type]
app/services/web_catalog_subscriptions.py:220: error: Argument 1 to "SubscriptionUpdate" has incompatible type "**dict[str, object]"; expected "datetime | None"  [arg-type]
app/services/web_catalog_subscriptions.py:220: error: Argument 1 to "SubscriptionUpdate" has incompatible type "**dict[str, object]"; expected "str | None"  [arg-type]
app/services/web_catalog_subscriptions.py:220: error: Argument 1 to "SubscriptionUpdate" has incompatible type "**dict[str, object]"; expected "int | None"  [arg-type]
app/services/web_catalog_subscriptions.py:220: error: Argument 1 to "SubscriptionUpdate" has incompatible type "**dict[str, object]"; expected "Decimal | None"  [arg-type]
app/services/web_catalog_subscriptions.py:220: error: Argument 1 to "SubscriptionUpdate" has incompatible type "**dict[str, object]"; expected "bool | None"  [arg-type]
app/services/web_catalog_subscriptions.py:238: error: Argument "status" to "InvoiceCreate" has incompatible type "str"; expected "InvoiceStatus"  [arg-type]
app/services/web_catalog_subscriptions.py:281: error: "Subscription" has no attribute "account_id"  [attr-defined]
app/services/web_catalog_subscriptions.py:479: error: Argument "status" to "SubscriptionUpdate" has incompatible type "str"; expected "SubscriptionStatus | None"  [arg-type]
app/services/web_catalog_settings.py:70: error: "type[Base]" has no attribute "id"  [attr-defined]
app/services/web_catalog_settings.py:73: error: "type[Base]" has no attribute "id"  [attr-defined]
app/services/web_catalog_settings.py:73: error: "type[Base]" has no attribute "is_active"  [attr-defined]
app/services/web_catalog_settings.py:412: error: Argument "policy_set_id" to "PolicyDunningStepCreate" has incompatible type "str"; expected "UUID"  [arg-type]
app/services/web_catalog_settings.py:457: error: Argument "policy_set_id" to "PolicyDunningStepCreate" has incompatible type "str"; expected "UUID"  [arg-type]
app/services/web_catalog_settings.py:478: error: Argument "add_on_id" to "AddOnPriceCreate" has incompatible type "str"; expected "UUID"  [arg-type]
app/services/web_catalog_settings.py:480: error: Argument "amount" to "AddOnPriceCreate" has incompatible type "str"; expected "Decimal"  [arg-type]
app/services/web_catalog_settings.py:518: error: Argument "amount" to "AddOnPriceUpdate" has incompatible type "str"; expected "Decimal | None"  [arg-type]
app/services/web_catalog_settings.py:529: error: Argument "add_on_id" to "AddOnPriceCreate" has incompatible type "str"; expected "UUID"  [arg-type]
app/services/web_catalog_settings.py:531: error: Argument "amount" to "AddOnPriceCreate" has incompatible type "str"; expected "Decimal"  [arg-type]
app/services/web_catalog_offers.py:89: error: Item "UploadFile" of "UploadFile | str" has no attribute "strip"  [union-attr]
app/services/web_catalog_offers.py:90: error: Item "UploadFile" of "UploadFile | str" has no attribute "strip"  [union-attr]
app/services/web_catalog_offers.py:91: error: Item "UploadFile" of "UploadFile | str" has no attribute "strip"  [union-attr]
app/services/web_catalog_offers.py:92: error: Item "UploadFile" of "UploadFile | str" has no attribute "strip"  [union-attr]
app/services/web_catalog_offers.py:93: error: Item "UploadFile" of "UploadFile | str" has no attribute "strip"  [union-attr]
app/services/web_catalog_offers.py:94: error: Item "UploadFile" of "UploadFile | str" has no attribute "strip"  [union-attr]
app/services/web_catalog_offers.py:95: error: Item "UploadFile" of "UploadFile | str" has no attribute "strip"  [union-attr]
app/services/web_catalog_offers.py:96: error: Item "UploadFile" of "UploadFile | str" has no attribute "strip"  [union-attr]
app/services/web_catalog_offers.py:97: error: Item "UploadFile" of "UploadFile | str" has no attribute "strip"  [union-attr]
app/services/web_catalog_offers.py:98: error: Item "UploadFile" of "UploadFile | str" has no attribute "strip"  [union-attr]
app/services/web_catalog_offers.py:99: error: Item "UploadFile" of "UploadFile | str" has no attribute "strip"  [union-attr]
app/services/web_catalog_offers.py:100: error: Item "UploadFile" of "UploadFile | str" has no attribute "strip"  [union-attr]
app/services/web_catalog_offers.py:101: error: Item "UploadFile" of "UploadFile | str" has no attribute "strip"  [union-attr]
app/services/web_catalog_offers.py:102: error: Item "UploadFile" of "UploadFile | str" has no attribute "strip"  [union-attr]
app/services/web_catalog_offers.py:103: error: Item "UploadFile" of "UploadFile | str" has no attribute "strip"  [union-attr]
app/services/web_catalog_offers.py:104: error: Item "UploadFile" of "UploadFile | str" has no attribute "strip"  [union-attr]
app/services/web_catalog_offers.py:106: error: Item "UploadFile" of "UploadFile | str" has no attribute "strip"  [union-attr]
app/services/web_catalog_offers.py:107: error: Item "UploadFile" of "UploadFile | str" has no attribute "strip"  [union-attr]
app/services/web_catalog_offers.py:108: error: Item "UploadFile" of "UploadFile | str" has no attribute "strip"  [union-attr]
app/services/web_catalog_offers.py:109: error: Item "UploadFile" of "UploadFile | str" has no attribute "strip"  [union-attr]
app/services/web_catalog_offers.py:110: error: Item "UploadFile" of "UploadFile | str" has no attribute "strip"  [union-attr]
app/services/web_catalog_offers.py:111: error: Item "UploadFile" of "UploadFile | str" has no attribute "strip"  [union-attr]
app/services/web_catalog_offers.py:112: error: Item "UploadFile" of "UploadFile | str" has no attribute "strip"  [union-attr]
app/services/web_catalog_offers.py:115: error: Item "UploadFile" of "UploadFile | str" has no attribute "strip"  [union-attr]
app/services/web_catalog_offers.py:116: error: Item "UploadFile" of "UploadFile | str" has no attribute "strip"  [union-attr]
app/services/web_catalog_offers.py:118: error: Item "UploadFile" of "UploadFile | str" has no attribute "strip"  [union-attr]
app/services/web_catalog_offers.py:119: error: Item "UploadFile" of "UploadFile | str" has no attribute "strip"  [union-attr]
app/services/web_catalog_offers.py:120: error: Item "UploadFile" of "UploadFile | str" has no attribute "strip"  [union-attr]
app/services/web_catalog_offers.py:121: error: Item "UploadFile" of "UploadFile | str" has no attribute "strip"  [union-attr]
app/services/web_catalog_offers.py:122: error: Item "UploadFile" of "UploadFile | str" has no attribute "strip"  [union-attr]
app/services/web_catalog_offers.py:123: error: Item "UploadFile" of "UploadFile | str" has no attribute "strip"  [union-attr]
app/services/web_catalog_offers.py:192: error: Argument "profile_id" to "OfferRadiusProfileUpdate" has incompatible type "str"; expected "UUID | None"  [arg-type]
app/services/web_catalog_offers.py:198: error: Argument "offer_id" to "OfferRadiusProfileCreate" has incompatible type "str"; expected "UUID"  [arg-type]
app/services/web_catalog_offers.py:199: error: Argument "profile_id" to "OfferRadiusProfileCreate" has incompatible type "str"; expected "UUID"  [arg-type]
app/services/web_catalog_offers.py:219: error: Argument 1 to "OfferPriceCreate" has incompatible type "**dict[str, object]"; expected "UUID"  [arg-type]
app/services/web_catalog_offers.py:219: error: Argument 1 to "OfferPriceCreate" has incompatible type "**dict[str, object]"; expected "PriceType"  [arg-type]
app/services/web_catalog_offers.py:219: error: Argument 1 to "OfferPriceCreate" has incompatible type "**dict[str, object]"; expected "Decimal"  [arg-type]
app/services/web_catalog_offers.py:219: error: Argument 1 to "OfferPriceCreate" has incompatible type "**dict[str, object]"; expected "str"  [arg-type]
app/services/web_catalog_offers.py:219: error: Argument 1 to "OfferPriceCreate" has incompatible type "**dict[str, object]"; expected "BillingCycle | None"  [arg-type]
app/services/web_catalog_offers.py:219: error: Argument 1 to "OfferPriceCreate" has incompatible type "**dict[str, object]"; expected "PriceUnit | None"  [arg-type]
app/services/web_catalog_offers.py:219: error: Argument 1 to "OfferPriceCreate" has incompatible type "**dict[str, object]"; expected "str | None"  [arg-type]
app/services/web_catalog_offers.py:219: error: Argument 1 to "OfferPriceCreate" has incompatible type "**dict[str, object]"; expected "bool"  [arg-type]
app/services/web_catalog_offers.py:239: error: Argument "price_id" to "update" of "OfferPrices" has incompatible type "object"; expected "str"  [arg-type]
app/services/web_catalog_offers.py:240: error: Argument 1 to "OfferPriceUpdate" has incompatible type "**dict[str, object]"; expected "UUID | None"  [arg-type]
app/services/web_catalog_offers.py:240: error: Argument 1 to "OfferPriceUpdate" has incompatible type "**dict[str, object]"; expected "PriceType | None"  [arg-type]
app/services/web_catalog_offers.py:240: error: Argument 1 to "OfferPriceUpdate" has incompatible type "**dict[str, object]"; expected "Decimal | None"  [arg-type]
app/services/web_catalog_offers.py:240: error: Argument 1 to "OfferPriceUpdate" has incompatible type "**dict[str, object]"; expected "str | None"  [arg-type]
app/services/web_catalog_offers.py:240: error: Argument 1 to "OfferPriceUpdate" has incompatible type "**dict[str, object]"; expected "BillingCycle | None"  [arg-type]
app/services/web_catalog_offers.py:240: error: Argument 1 to "OfferPriceUpdate" has incompatible type "**dict[str, object]"; expected "PriceUnit | None"  [arg-type]
app/services/web_catalog_offers.py:240: error: Argument 1 to "OfferPriceUpdate" has incompatible type "**dict[str, object]"; expected "bool | None"  [arg-type]
app/services/web_catalog_offers.py:244: error: Argument 1 to "OfferPriceCreate" has incompatible type "**dict[str, object]"; expected "UUID"  [arg-type]
app/services/web_catalog_offers.py:244: error: Argument 1 to "OfferPriceCreate" has incompatible type "**dict[str, object]"; expected "PriceType"  [arg-type]
app/services/web_catalog_offers.py:244: error: Argument 1 to "OfferPriceCreate" has incompatible type "**dict[str, object]"; expected "Decimal"  [arg-type]
app/services/web_catalog_offers.py:244: error: Argument 1 to "OfferPriceCreate" has incompatible type "**dict[str, object]"; expected "str"  [arg-type]
app/services/web_catalog_offers.py:244: error: Argument 1 to "OfferPriceCreate" has incompatible type "**dict[str, object]"; expected "BillingCycle | None"  [arg-type]
app/services/web_catalog_offers.py:244: error: Argument 1 to "OfferPriceCreate" has incompatible type "**dict[str, object]"; expected "PriceUnit | None"  [arg-type]
app/services/web_catalog_offers.py:244: error: Argument 1 to "OfferPriceCreate" has incompatible type "**dict[str, object]"; expected "str | None"  [arg-type]
app/services/web_catalog_offers.py:244: error: Argument 1 to "OfferPriceCreate" has incompatible type "**dict[str, object]"; expected "bool"  [arg-type]
app/services/web_catalog_offers.py:314: error: Argument 1 to "CatalogOfferCreate" has incompatible type "**dict[str, object]"; expected "str"  [arg-type]
app/services/web_catalog_offers.py:314: error: Argument 1 to "CatalogOfferCreate" has incompatible type "**dict[str, object]"; expected "str | None"  [arg-type]
app/services/web_catalog_offers.py:314: error: Argument 1 to "CatalogOfferCreate" has incompatible type "**dict[str, object]"; expected "ServiceType"  [arg-type]
app/services/web_catalog_offers.py:314: error: Argument 1 to "CatalogOfferCreate" has incompatible type "**dict[str, object]"; expected "AccessType"  [arg-type]
app/services/web_catalog_offers.py:314: error: Argument 1 to "CatalogOfferCreate" has incompatible type "**dict[str, object]"; expected "PriceBasis"  [arg-type]
app/services/web_catalog_offers.py:314: error: Argument 1 to "CatalogOfferCreate" has incompatible type "**dict[str, object]"; expected "BillingCycle"  [arg-type]
app/services/web_catalog_offers.py:314: error: Argument 1 to "CatalogOfferCreate" has incompatible type "**dict[str, object]"; expected "BillingMode"  [arg-type]
app/services/web_catalog_offers.py:314: error: Argument 1 to "CatalogOfferCreate" has incompatible type "**dict[str, object]"; expected "ContractTerm"  [arg-type]
app/services/web_catalog_offers.py:314: error: Argument 1 to "CatalogOfferCreate" has incompatible type "**dict[str, object]"; expected "UUID | None"  [arg-type]
app/services/web_catalog_offers.py:314: error: Argument 1 to "CatalogOfferCreate" has incompatible type "**dict[str, object]"; expected "int | None"  [arg-type]
app/services/web_catalog_offers.py:314: error: Argument 1 to "CatalogOfferCreate" has incompatible type "**dict[str, object]"; expected "bool"  [arg-type]
app/services/web_catalog_offers.py:314: error: Argument 1 to "CatalogOfferCreate" has incompatible type "**dict[str, object]"; expected "Decimal | None"  [arg-type]
app/services/web_catalog_offers.py:314: error: Argument 1 to "CatalogOfferCreate" has incompatible type "**dict[str, object]"; expected "GuaranteedSpeedType"  [arg-type]
app/services/web_catalog_offers.py:314: error: Argument 1 to "CatalogOfferCreate" has incompatible type "**dict[str, object]"; expected "OfferStatus"  [arg-type]
app/services/web_catalog_offers.py:318: error: Argument 1 to "CatalogOfferUpdate" has incompatible type "**dict[str, object]"; expected "str | None"  [arg-type]
app/services/web_catalog_offers.py:318: error: Argument 1 to "CatalogOfferUpdate" has incompatible type "**dict[str, object]"; expected "ServiceType | None"  [arg-type]
app/services/web_catalog_offers.py:318: error: Argument 1 to "CatalogOfferUpdate" has incompatible type "**dict[str, object]"; expected "AccessType | None"  [arg-type]
app/services/web_catalog_offers.py:318: error: Argument 1 to "CatalogOfferUpdate" has incompatible type "**dict[str, object]"; expected "PriceBasis | None"  [arg-type]
app/services/web_catalog_offers.py:318: error: Argument 1 to "CatalogOfferUpdate" has incompatible type "**dict[str, object]"; expected "BillingCycle | None"  [arg-type]
app/services/web_catalog_offers.py:318: error: Argument 1 to "CatalogOfferUpdate" has incompatible type "**dict[str, object]"; expected "BillingMode | None"  [arg-type]
app/services/web_catalog_offers.py:318: error: Argument 1 to "CatalogOfferUpdate" has incompatible type "**dict[str, object]"; expected "ContractTerm | None"  [arg-type]
app/services/web_catalog_offers.py:318: error: Argument 1 to "CatalogOfferUpdate" has incompatible type "**dict[str, object]"; expected "UUID | None"  [arg-type]
app/services/web_catalog_offers.py:318: error: Argument 1 to "CatalogOfferUpdate" has incompatible type "**dict[str, object]"; expected "int | None"  [arg-type]
app/services/web_catalog_offers.py:318: error: Argument 1 to "CatalogOfferUpdate" has incompatible type "**dict[str, object]"; expected "bool | None"  [arg-type]
app/services/web_catalog_offers.py:318: error: Argument 1 to "CatalogOfferUpdate" has incompatible type "**dict[str, object]"; expected "Decimal | None"  [arg-type]
app/services/web_catalog_offers.py:318: error: Argument 1 to "CatalogOfferUpdate" has incompatible type "**dict[str, object]"; expected "GuaranteedSpeedType | None"  [arg-type]
app/services/web_catalog_offers.py:318: error: Argument 1 to "CatalogOfferUpdate" has incompatible type "**dict[str, object]"; expected "OfferStatus | None"  [arg-type]
app/services/web_catalog_offers.py:336: error: Item "UploadFile" of "UploadFile | str" has no attribute "strip"  [union-attr]
app/services/web_catalog_offers.py:337: error: Item "UploadFile" of "UploadFile | str" has no attribute "strip"  [union-attr]
app/services/customer_portal.py:163: error: "RadiusUser" has no attribute "account_id"  [attr-defined]
app/services/customer_portal.py:164: error: "RadiusUser" has no attribute "account_id"  [attr-defined]
app/services/customer_portal.py:538: error: "type[ServiceOrder]" has no attribute "account_id"  [attr-defined]
app/services/customer_portal.py:573: error: "type[CatalogOffer]" has no attribute "price"  [attr-defined]
app/services/customer_portal.py:1306: error: "type[PaymentArrangement]" has no attribute "account_id"  [attr-defined]
app/services/customer_portal.py:1476: error: "PaymentArrangement" has no attribute "account_id"  [attr-defined]
tests/test_critical_regressions.py:16: note: By default the bodies of untyped functions are not checked, consider using --check-untyped-defs  [annotation-unchecked]
tests/test_critical_regressions.py:33: note: By default the bodies of untyped functions are not checked, consider using --check-untyped-defs  [annotation-unchecked]
app/services/web_customer_auth.py:79: error: Unsupported operand types for >= ("int" and "object")  [operator]
app/services/web_customer_auth.py:80: error: Argument "minutes" to "timedelta" has incompatible type "object"; expected "float"  [arg-type]
app/services/web_customer_auth.py:95: error: "type[Subscriber]" has no attribute "person_id"  [attr-defined]
app/services/web_customer_auth.py:95: error: "UserCredential" has no attribute "person_id"  [attr-defined]
app/services/web_customer_auth.py:114: error: "RadiusUser" has no attribute "account_id"  [attr-defined]
app/services/web_customer_actions.py:60: error: Returning Any from function declared to return "Subscriber"  [no-any-return]
app/services/web_customer_actions.py:256: error: Incompatible types in assignment (expression has type "Organization | None", variable has type "Subscriber | None")  [assignment]
app/services/web_customer_actions.py:360: error: Argument "name" to "OrganizationCreate" has incompatible type "Any | None"; expected "str"  [arg-type]
app/services/web_customer_actions.py:460: error: Unexpected keyword argument "metadata" for "AuditEventCreate"; did you mean "metadata_"?  [call-arg]
app/services/web_customer_actions.py:539: error: Argument "payload" to "update" of "Subscribers" has incompatible type "dict[str, bool | str | dict[Any, Any] | None]"; expected "SubscriberUpdate"  [arg-type]
app/services/web_customer_actions.py:598: error: Argument "payload" to "update" of "Subscribers" has incompatible type "dict[str, object]"; expected "SubscriberUpdate"  [arg-type]
app/services/web_customer_actions.py:767: error: Dict entry 4 has incompatible type "str": "str | None"; expected "str": "str"  [dict-item]
app/services/reseller_portal.py:214: error: Returning Any from function declared to return "int"  [no-any-return]
app/services/reseller_portal.py:214: error: No overload variant of "int" matches argument type "object"  [call-overload]
app/services/reseller_portal.py:214: note: Possible overload variants:
app/services/reseller_portal.py:214: note:     def __new__(cls, str | Buffer | SupportsInt | SupportsIndex | SupportsTrunc = ..., /) -> int
app/services/reseller_portal.py:214: note:     def __new__(cls, str | bytes | bytearray, /, base: SupportsIndex) -> int
app/services/reseller_portal.py:226: error: Returning Any from function declared to return "int"  [no-any-return]
app/services/reseller_portal.py:226: error: No overload variant of "int" matches argument type "object"  [call-overload]
app/services/reseller_portal.py:226: note: Possible overload variants:
app/services/reseller_portal.py:226: note:     def __new__(cls, str | Buffer | SupportsInt | SupportsIndex | SupportsTrunc = ..., /) -> int
app/services/reseller_portal.py:226: note:     def __new__(cls, str | bytes | bytearray, /, base: SupportsIndex) -> int
app/web/customer/auth.py:17: error: Incompatible default for argument "error" (default has type "None", argument has type "str")  [assignment]
app/web/customer/auth.py:17: note: PEP 484 prohibits implicit Optional. Accordingly, mypy has changed its default to no_implicit_optional=True
app/web/customer/auth.py:17: note: Use https://github.com/hauntsaninja/no_implicit_optional to automatically upgrade your codebase
app/web/customer/auth.py:17: error: Incompatible default for argument "next" (default has type "None", argument has type "str")  [assignment]
app/web/admin/wireguard.py:409: error: "object" has no attribute "id"  [attr-defined]
app/web/admin/usage.py:169: error: Item "UploadFile" of "UploadFile | str" has no attribute "strip"  [union-attr]
app/web/admin/usage.py:170: error: Item "UploadFile" of "UploadFile | str" has no attribute "strip"  [union-attr]
app/web/admin/subscribers.py:332: error: Argument "subscriber_id" to "get" of "Subscribers" has incompatible type "UUID"; expected "str"  [arg-type]
app/web/admin/subscribers.py:410: error: Argument "subscriber_id" to "get" of "Subscribers" has incompatible type "UUID"; expected "str"  [arg-type]
app/web/admin/resellers.py:85: error: Item "UploadFile" of "UploadFile | str" has no attribute "strip"  [union-attr]
app/web/admin/resellers.py:86: error: Item "UploadFile" of "UploadFile | str" has no attribute "strip"  [union-attr]
app/web/admin/resellers.py:87: error: Item "UploadFile" of "UploadFile | str" has no attribute "strip"  [union-attr]
app/web/admin/resellers.py:88: error: Item "UploadFile" of "UploadFile | str" has no attribute "strip"  [union-attr]
app/web/admin/resellers.py:89: error: Item "UploadFile" of "UploadFile | str" has no attribute "strip"  [union-attr]
app/web/admin/resellers.py:95: error: Item "UploadFile" of "UploadFile | str" has no attribute "strip"  [union-attr]
app/web/admin/resellers.py:96: error: Item "UploadFile" of "UploadFile | str" has no attribute "strip"  [union-attr]
app/web/admin/resellers.py:97: error: Item "UploadFile" of "UploadFile | str" has no attribute "strip"  [union-attr]
app/web/admin/resellers.py:98: error: Item "UploadFile" of "UploadFile | str" has no attribute "strip"  [union-attr]
app/web/admin/resellers.py:99: error: Item "UploadFile" of "UploadFile | str" has no attribute "strip"  [union-attr]
app/web/admin/resellers.py:100: error: Item "UploadFile" of "UploadFile | str" has no attribute "strip"  [union-attr]
app/web/admin/resellers.py:125: error: Argument 1 to "ResellerCreate" has incompatible type "**dict[str, bool | Any | str | None]"; expected "str"  [arg-type]
app/web/admin/resellers.py:125: error: Argument 1 to "ResellerCreate" has incompatible type "**dict[str, bool | Any | str | None]"; expected "str | None"  [arg-type]
app/web/admin/resellers.py:125: error: Argument 1 to "ResellerCreate" has incompatible type "**dict[str, bool | Any | str | None]"; expected "bool"  [arg-type]
app/web/admin/resellers.py:185: error: Item "UploadFile" of "UploadFile | str" has no attribute "strip"  [union-attr]
app/web/admin/resellers.py:186: error: Item "UploadFile" of "UploadFile | str" has no attribute "strip"  [union-attr]
app/web/admin/resellers.py:187: error: Item "UploadFile" of "UploadFile | str" has no attribute "strip"  [union-attr]
app/web/admin/resellers.py:188: error: Item "UploadFile" of "UploadFile | str" has no attribute "strip"  [union-attr]
app/web/admin/resellers.py:189: error: Item "UploadFile" of "UploadFile | str" has no attribute "strip"  [union-attr]
app/web/admin/resellers.py:193: error: Argument 1 to "ResellerUpdate" has incompatible type "**dict[str, bool | Any | str | None]"; expected "str | None"  [arg-type]
app/web/admin/resellers.py:193: error: Argument 1 to "ResellerUpdate" has incompatible type "**dict[str, bool | Any | str | None]"; expected "bool | None"  [arg-type]
app/web/admin/resellers.py:246: error: Item "UploadFile" of "UploadFile | str" has no attribute "strip"  [union-attr]
app/web/admin/resellers.py:262: error: Item "UploadFile" of "UploadFile | str" has no attribute "strip"  [union-attr]
app/web/admin/resellers.py:263: error: Item "UploadFile" of "UploadFile | str" has no attribute "strip"  [union-attr]
app/web/admin/resellers.py:264: error: Item "UploadFile" of "UploadFile | str" has no attribute "strip"  [union-attr]
app/web/admin/resellers.py:265: error: Item "UploadFile" of "UploadFile | str" has no attribute "strip"  [union-attr]
app/web/admin/resellers.py:266: error: Item "UploadFile" of "UploadFile | str" has no attribute "strip"  [union-attr]
app/web/admin/provisioning.py:195: error: Unexpected keyword argument "account_id" for "ServiceOrderCreate"  [call-arg]
app/web/admin/provisioning.py:316: error: Argument 1 to "ServiceOrderUpdate" has incompatible type "**dict[str, object]"; expected "UUID | None"  [arg-type]
app/web/admin/provisioning.py:316: error: Argument 1 to "ServiceOrderUpdate" has incompatible type "**dict[str, object]"; expected "ServiceOrderStatus | None"  [arg-type]
app/web/admin/provisioning.py:316: error: Argument 1 to "ServiceOrderUpdate" has incompatible type "**dict[str, object]"; expected "str | None"  [arg-type]
app/web/admin/provisioning.py:740: error: Argument 1 to "ProvisioningStepUpdate" has incompatible type "**dict[str, object]"; expected "UUID | None"  [arg-type]
app/web/admin/provisioning.py:740: error: Argument 1 to "ProvisioningStepUpdate" has incompatible type "**dict[str, object]"; expected "str | None"  [arg-type]
app/web/admin/provisioning.py:740: error: Argument 1 to "ProvisioningStepUpdate" has incompatible type "**dict[str, object]"; expected "ProvisioningStepType | None"  [arg-type]
app/web/admin/provisioning.py:740: error: Argument 1 to "ProvisioningStepUpdate" has incompatible type "**dict[str, object]"; expected "int | None"  [arg-type]
app/web/admin/provisioning.py:740: error: Argument 1 to "ProvisioningStepUpdate" has incompatible type "**dict[str, object]"; expected "dict[Any, Any] | None"  [arg-type]
app/web/admin/provisioning.py:740: error: Argument 1 to "ProvisioningStepUpdate" has incompatible type "**dict[str, object]"; expected "bool | None"  [arg-type]
app/web/admin/notifications.py:134: error: Argument "channel" to "NotificationTemplateCreate" has incompatible type "str"; expected "NotificationChannel"  [arg-type]
app/web/admin/notifications.py:212: error: Argument "channel" to "NotificationTemplateUpdate" has incompatible type "str"; expected "NotificationChannel | None"  [arg-type]
app/web/admin/notifications.py:265: error: Unexpected keyword argument "body" for "send_email"  [call-arg]
app/services/email.py:154: note: "send_email" defined here
app/web/admin/network.py:249: error: Item "UploadFile" of "UploadFile | str" has no attribute "strip"  [union-attr]
app/web/admin/network.py:262: error: Item "UploadFile" of "UploadFile | str" has no attribute "strip"  [union-attr]
app/web/admin/network.py:263: error: Item "UploadFile" of "UploadFile | str" has no attribute "strip"  [union-attr]
app/web/admin/network.py:264: error: Item "UploadFile" of "UploadFile | str" has no attribute "strip"  [union-attr]
app/web/admin/network.py:265: error: Item "UploadFile" of "UploadFile | str" has no attribute "strip"  [union-attr]
app/web/admin/network.py:412: error: Item "UploadFile" of "UploadFile | str" has no attribute "strip"  [union-attr]
app/web/admin/network.py:425: error: Item "UploadFile" of "UploadFile | str" has no attribute "strip"  [union-attr]
app/web/admin/network.py:426: error: Item "UploadFile" of "UploadFile | str" has no attribute "strip"  [union-attr]
app/web/admin/network.py:427: error: Item "UploadFile" of "UploadFile | str" has no attribute "strip"  [union-attr]
app/web/admin/network.py:428: error: Item "UploadFile" of "UploadFile | str" has no attribute "strip"  [union-attr]
app/web/admin/network.py:551: error: Incompatible return value type (got "RedirectResponse", expected "HTMLResponse")  [return-value]
app/web/admin/network.py:2046: error: Argument "review_notes" to "approve_request" has incompatible type "UploadFile | str | None"; expected "str | None"  [arg-type]
app/web/admin/network.py:2073: error: Argument "review_notes" to "reject_request" has incompatible type "UploadFile | str"; expected "str | None"  [arg-type]
app/web/admin/network.py:2097: error: Argument 2 to "get_request" has incompatible type "UploadFile | str"; expected "str"  [arg-type]
app/web/admin/network.py:2103: error: Argument 2 to "approve_request" has incompatible type "UploadFile | str"; expected "str"  [arg-type]
app/web/admin/nas.py:760: error: Argument "connection_type" to "ProvisioningTemplateCreate" has incompatible type "ConnectionType | None"; expected "ConnectionType"  [arg-type]
app/web/admin/legal.py:281: error: Argument "file_name" to "upload_file" of "LegalDocumentService" has incompatible type "str | None"; expected "str"  [arg-type]
app/web/admin/legal.py:324: error: Missing named argument "title" for "LegalDocumentUpdate"  [call-arg]
app/web/admin/legal.py:324: error: Missing named argument "slug" for "LegalDocumentUpdate"  [call-arg]
app/web/admin/legal.py:324: error: Missing named argument "version" for "LegalDocumentUpdate"  [call-arg]
app/web/admin/legal.py:342: error: Missing named argument "title" for "LegalDocumentUpdate"  [call-arg]
app/web/admin/legal.py:342: error: Missing named argument "slug" for "LegalDocumentUpdate"  [call-arg]
app/web/admin/legal.py:342: error: Missing named argument "version" for "LegalDocumentUpdate"  [call-arg]
app/web/admin/catalog_settings.py:130: error: Argument "name" to "RegionZoneCreate" has incompatible type "Any | str | bool"; expected "str"  [arg-type]
app/web/admin/catalog_settings.py:131: error: Argument "code" to "RegionZoneCreate" has incompatible type "Any | str | Literal[True] | None"; expected "str | None"  [arg-type]
app/web/admin/catalog_settings.py:132: error: Argument "description" to "RegionZoneCreate" has incompatible type "Any | str | Literal[True] | None"; expected "str | None"  [arg-type]
app/web/admin/catalog_settings.py:133: error: Argument "is_active" to "RegionZoneCreate" has incompatible type "Any | str | bool"; expected "bool"  [arg-type]
app/web/admin/catalog_settings.py:136: error: Incompatible return value type (got "RedirectResponse", expected "HTMLResponse")  [return-value]
app/web/admin/catalog_settings.py:153: error: Incompatible return value type (got "RedirectResponse", expected "HTMLResponse")  [return-value]
app/web/admin/catalog_settings.py:180: error: Argument "name" to "RegionZoneUpdate" has incompatible type "Any | str | bool"; expected "str | None"  [arg-type]
app/web/admin/catalog_settings.py:181: error: Argument "code" to "RegionZoneUpdate" has incompatible type "Any | str | Literal[True] | None"; expected "str | None"  [arg-type]
app/web/admin/catalog_settings.py:182: error: Argument "description" to "RegionZoneUpdate" has incompatible type "Any | str | Literal[True] | None"; expected "str | None"  [arg-type]
app/web/admin/catalog_settings.py:183: error: Argument "is_active" to "RegionZoneUpdate" has incompatible type "Any | str | bool"; expected "bool | None"  [arg-type]
app/web/admin/catalog_settings.py:186: error: Incompatible return value type (got "RedirectResponse", expected "HTMLResponse")  [return-value]
app/web/admin/catalog_settings.py:275: error: Argument "name" to "UsageAllowanceCreate" has incompatible type "Any | str | bool"; expected "str"  [arg-type]
app/web/admin/catalog_settings.py:277: error: Argument "overage_rate" to "UsageAllowanceCreate" has incompatible type "Any | str | Literal[True] | None"; expected "Decimal | None"  [arg-type]
app/web/admin/catalog_settings.py:280: error: Argument "is_active" to "UsageAllowanceCreate" has incompatible type "Any | str | bool"; expected "bool"  [arg-type]
app/web/admin/catalog_settings.py:283: error: Incompatible return value type (got "RedirectResponse", expected "HTMLResponse")  [return-value]
app/web/admin/catalog_settings.py:300: error: Incompatible return value type (got "RedirectResponse", expected "HTMLResponse")  [return-value]
app/web/admin/catalog_settings.py:331: error: Argument "name" to "UsageAllowanceUpdate" has incompatible type "Any | str | bool"; expected "str | None"  [arg-type]
app/web/admin/catalog_settings.py:333: error: Argument "overage_rate" to "UsageAllowanceUpdate" has incompatible type "Any | str | Literal[True] | None"; expected "Decimal | None"  [arg-type]
app/web/admin/catalog_settings.py:336: error: Argument "is_active" to "UsageAllowanceUpdate" has incompatible type "Any | str | bool"; expected "bool | None"  [arg-type]
app/web/admin/catalog_settings.py:339: error: Incompatible return value type (got "RedirectResponse", expected "HTMLResponse")  [return-value]
app/web/admin/catalog_settings.py:430: error: Argument "name" to "SlaProfileCreate" has incompatible type "Any | str | bool"; expected "str"  [arg-type]
app/web/admin/catalog_settings.py:431: error: Argument "uptime_percent" to "SlaProfileCreate" has incompatible type "Any | str | Literal[True] | None"; expected "Decimal | None"  [arg-type]
app/web/admin/catalog_settings.py:434: error: Argument "credit_percent" to "SlaProfileCreate" has incompatible type "Any | str | Literal[True] | None"; expected "Decimal | None"  [arg-type]
app/web/admin/catalog_settings.py:435: error: Argument "notes" to "SlaProfileCreate" has incompatible type "Any | str | Literal[True] | None"; expected "str | None"  [arg-type]
app/web/admin/catalog_settings.py:436: error: Argument "is_active" to "SlaProfileCreate" has incompatible type "Any | str | bool"; expected "bool"  [arg-type]
app/web/admin/catalog_settings.py:439: error: Incompatible return value type (got "RedirectResponse", expected "HTMLResponse")  [return-value]
app/web/admin/catalog_settings.py:456: error: Incompatible return value type (got "RedirectResponse", expected "HTMLResponse")  [return-value]
app/web/admin/catalog_settings.py:489: error: Argument "name" to "SlaProfileUpdate" has incompatible type "Any | str | bool"; expected "str | None"  [arg-type]
app/web/admin/catalog_settings.py:490: error: Argument "uptime_percent" to "SlaProfileUpdate" has incompatible type "Any | str | Literal[True] | None"; expected "Decimal | None"  [arg-type]
app/web/admin/catalog_settings.py:493: error: Argument "credit_percent" to "SlaProfileUpdate" has incompatible type "Any | str | Literal[True] | None"; expected "Decimal | None"  [arg-type]
app/web/admin/catalog_settings.py:494: error: Argument "notes" to "SlaProfileUpdate" has incompatible type "Any | str | Literal[True] | None"; expected "str | None"  [arg-type]
app/web/admin/catalog_settings.py:495: error: Argument "is_active" to "SlaProfileUpdate" has incompatible type "Any | str | bool"; expected "bool | None"  [arg-type]
app/web/admin/catalog_settings.py:498: error: Incompatible return value type (got "RedirectResponse", expected "HTMLResponse")  [return-value]
app/web/admin/catalog_settings.py:632: error: Argument "name" to "PolicySetCreate" has incompatible type "list[dict[str, str]] | Any | str | bool"; expected "str"  [arg-type]
app/web/admin/catalog_settings.py:636: error: Argument "trial_card_required" to "PolicySetCreate" has incompatible type "list[dict[str, str]] | Any | str | bool"; expected "bool"  [arg-type]
app/web/admin/catalog_settings.py:641: error: Argument "is_active" to "PolicySetCreate" has incompatible type "list[dict[str, str]] | Any | str | bool"; expected "bool"  [arg-type]
app/web/admin/catalog_settings.py:645: error: Incompatible return value type (got "RedirectResponse", expected "HTMLResponse")  [return-value]
app/web/admin/catalog_settings.py:662: error: Incompatible return value type (got "RedirectResponse", expected "HTMLResponse")  [return-value]
app/web/admin/catalog_settings.py:734: error: Argument "name" to "PolicySetUpdate" has incompatible type "list[dict[str, str]] | Any | str | bool"; expected "str | None"  [arg-type]
app/web/admin/catalog_settings.py:738: error: Argument "trial_card_required" to "PolicySetUpdate" has incompatible type "list[dict[str, str]] | Any | str | bool"; expected "bool | None"  [arg-type]
app/web/admin/catalog_settings.py:743: error: Argument "is_active" to "PolicySetUpdate" has incompatible type "list[dict[str, str]] | Any | str | bool"; expected "bool | None"  [arg-type]
app/web/admin/catalog_settings.py:747: error: Incompatible return value type (got "RedirectResponse", expected "HTMLResponse")  [return-value]
app/web/admin/catalog_settings.py:876: error: Argument "name" to "AddOnCreate" has incompatible type "list[dict[str, str]] | Any | str | bool"; expected "str"  [arg-type]
app/web/admin/catalog_settings.py:878: error: Argument "description" to "AddOnCreate" has incompatible type "list[dict[str, str]] | Any | str | Literal[True] | None"; expected "str | None"  [arg-type]
app/web/admin/catalog_settings.py:879: error: Argument "is_active" to "AddOnCreate" has incompatible type "list[dict[str, str]] | Any | str | bool"; expected "bool"  [arg-type]
app/web/admin/catalog_settings.py:883: error: Incompatible return value type (got "RedirectResponse", expected "HTMLResponse")  [return-value]
app/web/admin/catalog_settings.py:900: error: Incompatible return value type (got "RedirectResponse", expected "HTMLResponse")  [return-value]
app/web/admin/catalog_settings.py:971: error: Argument "name" to "AddOnUpdate" has incompatible type "list[dict[str, str]] | Any | str | bool"; expected "str | None"  [arg-type]
app/web/admin/catalog_settings.py:973: error: Argument "description" to "AddOnUpdate" has incompatible type "list[dict[str, str]] | Any | str | Literal[True] | None"; expected "str | None"  [arg-type]
app/web/admin/catalog_settings.py:974: error: Argument "is_active" to "AddOnUpdate" has incompatible type "list[dict[str, str]] | Any | str | bool"; expected "bool | None"  [arg-type]
app/web/admin/catalog_settings.py:978: error: Incompatible return value type (got "RedirectResponse", expected "HTMLResponse")  [return-value]
app/web/admin/catalog_settings.py:1007: error: Incompatible types in assignment (expression has type "list[UploadFile | str]", variable has type "list[str]")  [assignment]
app/web/admin/catalog_settings.py:1015: error: Incompatible types in assignment (expression has type "list[UploadFile | str]", variable has type "list[str]")  [assignment]
app/web/admin/catalog_settings.py:1023: error: Incompatible types in assignment (expression has type "list[UploadFile | str]", variable has type "list[str]")  [assignment]
app/web/admin/catalog_settings.py:1031: error: Incompatible types in assignment (expression has type "list[UploadFile | str]", variable has type "list[str]")  [assignment]
app/web/admin/catalog_settings.py:1039: error: Incompatible types in assignment (expression has type "list[UploadFile | str]", variable has type "list[str]")  [assignment]
app/web/admin/catalog.py:99: error: Item "UploadFile" of "UploadFile | str" has no attribute "strip"  [union-attr]
app/web/admin/billing.py:240: error: Argument 1 to "InvoiceCreate" has incompatible type "**dict[str, object]"; expected "UUID"  [arg-type]
app/web/admin/billing.py:240: error: Argument 1 to "InvoiceCreate" has incompatible type "**dict[str, object]"; expected "str | None"  [arg-type]
app/web/admin/billing.py:240: error: Argument 1 to "InvoiceCreate" has incompatible type "**dict[str, object]"; expected "InvoiceStatus"  [arg-type]
app/web/admin/billing.py:240: error: Argument 1 to "InvoiceCreate" has incompatible type "**dict[str, object]"; expected "str"  [arg-type]
app/web/admin/billing.py:240: error: Argument 1 to "InvoiceCreate" has incompatible type "**dict[str, object]"; expected "Decimal"  [arg-type]
app/web/admin/billing.py:240: error: Argument 1 to "InvoiceCreate" has incompatible type "**dict[str, object]"; expected "datetime | None"  [arg-type]
app/web/admin/billing.py:240: error: Argument 1 to "InvoiceCreate" has incompatible type "**dict[str, object]"; expected "bool"  [arg-type]
app/web/admin/billing.py:357: error: Argument 1 to "InvoiceUpdate" has incompatible type "**dict[str, object]"; expected "UUID | None"  [arg-type]
app/web/admin/billing.py:357: error: Argument 1 to "InvoiceUpdate" has incompatible type "**dict[str, object]"; expected "str | None"  [arg-type]
app/web/admin/billing.py:357: error: Argument 1 to "InvoiceUpdate" has incompatible type "**dict[str, object]"; expected "InvoiceStatus | None"  [arg-type]
app/web/admin/billing.py:357: error: Argument 1 to "InvoiceUpdate" has incompatible type "**dict[str, object]"; expected "Decimal | None"  [arg-type]
app/web/admin/billing.py:357: error: Argument 1 to "InvoiceUpdate" has incompatible type "**dict[str, object]"; expected "datetime | None"  [arg-type]
app/web/admin/billing.py:357: error: Argument 1 to "InvoiceUpdate" has incompatible type "**dict[str, object]"; expected "bool | None"  [arg-type]
app/web/admin/billing.py:787: error: Argument "status" to "CreditNoteCreate" has incompatible type "str"; expected "CreditNoteStatus"  [arg-type]
app/services/web_system_settings_views.py:115: error: Module has no attribute "resolve_raw_setting"  [attr-defined]
app/services/web_system_settings_views.py:121: error: "SettingSpec" has no attribute "description"  [attr-defined]
app/services/web_system_settings_views.py:136: error: Module has no attribute "specs_for_domain"  [attr-defined]
app/services/web_system_settings_views.py:140: error: Module has no attribute "resolve_raw_setting"  [attr-defined]
app/services/web_system_billing_forms.py:29: error: Argument "account_id" to "BankAccountCreate" has incompatible type "Any | str"; expected "UUID"  [arg-type]
app/services/web_system_billing_forms.py:31: error: Argument "account_type" to "BankAccountCreate" has incompatible type "Any | str | None"; expected "BankAccountType"  [arg-type]
app/services/web_system_billing_forms.py:62: error: Argument 1 to "BankAccountUpdate" has incompatible type "**dict[str, object]"; expected "UUID | None"  [arg-type]
app/services/web_system_billing_forms.py:62: error: Argument 1 to "BankAccountUpdate" has incompatible type "**dict[str, object]"; expected "str | None"  [arg-type]
app/services/web_system_billing_forms.py:62: error: Argument 1 to "BankAccountUpdate" has incompatible type "**dict[str, object]"; expected "BankAccountType | None"  [arg-type]
app/services/web_system_billing_forms.py:62: error: Argument 1 to "BankAccountUpdate" has incompatible type "**dict[str, object]"; expected "bool | None"  [arg-type]
app/services/web_system_settings_forms.py:37: error: Incompatible types in assignment (expression has type "object | None", variable has type "bool")  [assignment]
app/services/web_system_settings_forms.py:40: error: Incompatible types in assignment (expression has type "int", variable has type "bool")  [assignment]
app/services/web_system_settings_forms.py:47: error: Incompatible types in assignment (expression has type "object", variable has type "bool")  [assignment]
app/services/web_system_settings_forms.py:49: error: Incompatible types in assignment (expression has type "object", variable has type "bool")  [assignment]
app/services/web_system_settings_forms.py:75: error: Argument "value_json" to "DomainSettingUpdate" has incompatible type "object | None"; expected "dict[Any, Any] | list[Any] | bool | int | str | None"  [arg-type]
app/services/web_system_settings_forms.py:98: error: No overload variant of "get" of "dict" matches argument type "object"  [call-overload]
app/services/web_system_settings_forms.py:98: note: Possible overload variants:
app/services/web_system_settings_forms.py:98: note:     def get(self, SettingDomain, None = ..., /) -> DomainSettings | None
app/services/web_system_settings_forms.py:98: note:     def get(self, SettingDomain, DomainSettings, /) -> DomainSettings
app/services/web_system_settings_forms.py:98: note:     def [_T] get(self, SettingDomain, _T, /) -> DomainSettings | _T
app/web/admin/system.py:969: error: Need type annotation for "context"  [var-annotated]
app/web/admin/system.py:1169: error: Unexpected keyword argument "last_run_at" for "ScheduledTaskUpdate"  [call-arg]
app/services/web_reseller_routes.py:102: error: Module has no attribute "create_customer_impersonation_session"; maybe "create_customer_imsubscriberation_session"?  [attr-defined]
app/services/web_reseller_routes.py:139: error: Need type annotation for "splitter_counts" (hint: "splitter_counts: dict[<type>, <type>] = ...")  [var-annotated]
app/services/web_reseller_routes.py:143: error: Argument 1 to "dict" has incompatible type "list[Row[tuple[UUID | None, int]]]"; expected "Iterable[tuple[Never, Never]]"  [arg-type]
app/services/web_reseller_routes.py:143: error: Argument 1 to "dict" has incompatible type "list[Row[tuple[UUID | None, int]]]"; expected "Iterable[tuple[Any, Any]]"  [arg-type]
app/services/web_reseller_routes.py:168: error: Need type annotation for "splice_counts" (hint: "splice_counts: dict[<type>, <type>] = ...")  [var-annotated]
app/services/web_reseller_routes.py:169: error: Need type annotation for "tray_counts" (hint: "tray_counts: dict[<type>, <type>] = ...")  [var-annotated]
app/services/web_reseller_routes.py:173: error: Argument 1 to "dict" has incompatible type "list[Row[tuple[UUID, int]]]"; expected "Iterable[tuple[Never, Never]]"  [arg-type]
app/services/web_reseller_routes.py:173: error: Argument 1 to "dict" has incompatible type "list[Row[tuple[UUID, int]]]"; expected "Iterable[tuple[Any, Any]]"  [arg-type]
app/services/web_reseller_routes.py:179: error: Argument 1 to "dict" has incompatible type "list[Row[tuple[UUID, int]]]"; expected "Iterable[tuple[Never, Never]]"  [arg-type]
app/services/web_reseller_routes.py:179: error: Argument 1 to "dict" has incompatible type "list[Row[tuple[UUID, int]]]"; expected "Iterable[tuple[Any, Any]]"  [arg-type]
app/services/web_reseller_routes.py:235: error: Argument 1 to "float" has incompatible type "object"; expected "str | Buffer | SupportsFloat | SupportsIndex"  [arg-type]
app/services/web_reseller_routes.py:236: error: Argument 1 to "float" has incompatible type "object"; expected "str | Buffer | SupportsFloat | SupportsIndex"  [arg-type]
app/services/web_reseller_routes.py:237: error: Argument 1 to "float" has incompatible type "object"; expected "str | Buffer | SupportsFloat | SupportsIndex"  [arg-type]
app/services/web_reseller_routes.py:238: error: Argument 1 to "float" has incompatible type "object"; expected "str | Buffer | SupportsFloat | SupportsIndex"  [arg-type]
app/services/web_reseller_auth.py:65: error: Argument "value" to "set_cookie" of "Response" has incompatible type "Any | None"; expected "str"  [arg-type]
app/services/web_reseller_auth.py:116: error: Argument "value" to "set_cookie" of "Response" has incompatible type "Any | None"; expected "str"  [arg-type]
app/services/web_reseller_auth.py:165: error: Argument "value" to "set_cookie" of "Response" has incompatible type "str | None"; expected "str"  [arg-type]
app/web/customer/routes.py:23: error: Incompatible return value type (got "RedirectResponse", expected "HTMLResponse")  [return-value]
app/web/customer/routes.py:42: error: Incompatible return value type (got "RedirectResponse", expected "HTMLResponse")  [return-value]
app/web/customer/routes.py:68: error: Incompatible return value type (got "RedirectResponse", expected "HTMLResponse")  [return-value]
app/web/customer/routes.py:110: error: Incompatible return value type (got "RedirectResponse", expected "HTMLResponse")  [return-value]
app/web/customer/routes.py:142: error: Incompatible return value type (got "RedirectResponse", expected "HTMLResponse")  [return-value]
app/web/customer/routes.py:183: error: Incompatible return value type (got "RedirectResponse", expected "HTMLResponse")  [return-value]
app/web/customer/routes.py:209: error: Incompatible return value type (got "RedirectResponse", expected "HTMLResponse")  [return-value]
app/web/customer/routes.py:241: error: Incompatible return value type (got "RedirectResponse", expected "HTMLResponse")  [return-value]
app/web/customer/routes.py:278: error: Incompatible return value type (got "RedirectResponse", expected "HTMLResponse")  [return-value]
app/web/customer/routes.py:304: error: Incompatible return value type (got "RedirectResponse", expected "HTMLResponse")  [return-value]
app/web/customer/routes.py:336: error: Incompatible return value type (got "RedirectResponse", expected "HTMLResponse")  [return-value]
app/web/customer/routes.py:367: error: Incompatible return value type (got "RedirectResponse", expected "HTMLResponse")  [return-value]
app/web/customer/routes.py:390: error: Incompatible return value type (got "RedirectResponse", expected "HTMLResponse")  [return-value]
app/web/customer/routes.py:417: error: Incompatible return value type (got "RedirectResponse", expected "HTMLResponse")  [return-value]
app/web/customer/routes.py:495: error: Incompatible return value type (got "RedirectResponse", expected "HTMLResponse")  [return-value]
app/web/customer/routes.py:527: error: Incompatible return value type (got "RedirectResponse", expected "HTMLResponse")  [return-value]
app/web/customer/routes.py:553: error: Incompatible return value type (got "RedirectResponse", expected "HTMLResponse")  [return-value]
app/web/customer/routes.py:629: error: Incompatible return value type (got "RedirectResponse", expected "HTMLResponse")  [return-value]
app/main.py:222: error: Item "Message[str, str]" of "Message[str, str] | Any | bytes" has no attribute "decode"  [union-attr]
Found 847 errors in 180 files (checked 617 source files)
